This is pdfTeX, Version 3.141592653-2.6-1.40.24 (MiKTeX 23.1) (preloaded format=pdflatex 2023.3.8)  22 JUL 2025 11:49
entering extended mode
 restricted \write18 enabled.
 %&-line parsing enabled.
**./thesis.tex
(thesis.tex
LaTeX2e <2022-11-01> patch level 1
L3 programming layer <2023-02-07>
(C:\Users\david\AppData\Local\Programs\MiKTeX\tex/latex/base\report.cls
Document Class: report 2022/07/02 v1.4n Standard LaTeX document class
(C:\Users\david\AppData\Local\Programs\MiKTeX\tex/latex/base\size11.clo
File: size11.clo 2022/07/02 v1.4n Standard LaTeX file (size option)
)
\c@part=\count185
\c@chapter=\count186
\c@section=\count187
\c@subsection=\count188
\c@subsubsection=\count189
\c@paragraph=\count190
\c@subparagraph=\count191
\c@figure=\count192
\c@table=\count193
\abovecaptionskip=\skip48
\belowcaptionskip=\skip49
\bibindent=\dimen140
)
(C:\Users\david\AppData\Local\Programs\MiKTeX\tex/latex/base\inputenc.sty
Package: inputenc 2021/02/14 v1.3d Input encoding file
\inpenc@prehook=\toks16
\inpenc@posthook=\toks17
)
(C:\Users\david\AppData\Local\Programs\MiKTeX\tex/latex/ragged2e\ragged2e.sty
Package: ragged2e 2023/02/22 v3.3 ragged2e Package
\CenteringLeftskip=\skip50
\RaggedLeftLeftskip=\skip51
\RaggedRightLeftskip=\skip52
\CenteringRightskip=\skip53
\RaggedLeftRightskip=\skip54
\RaggedRightRightskip=\skip55
\CenteringParfillskip=\skip56
\RaggedLeftParfillskip=\skip57
\RaggedRightParfillskip=\skip58
\JustifyingParfillskip=\skip59
\CenteringParindent=\skip60
\RaggedLeftParindent=\skip61
\RaggedRightParindent=\skip62
\JustifyingParindent=\skip63
)
(C:\Users\david\AppData\Local\Programs\MiKTeX\tex/latex/amsmath\amsmath.sty
Package: amsmath 2022/04/08 v2.17n AMS math features
\@mathmargin=\skip64

For additional information on amsmath, use the `?' option.
(C:\Users\david\AppData\Local\Programs\MiKTeX\tex/latex/amsmath\amstext.sty
Package: amstext 2021/08/26 v2.01 AMS text

(C:\Users\david\AppData\Local\Programs\MiKTeX\tex/latex/amsmath\amsgen.sty
File: amsgen.sty 1999/11/30 v2.0 generic functions
\@emptytoks=\toks18
\ex@=\dimen141
))
(C:\Users\david\AppData\Local\Programs\MiKTeX\tex/latex/amsmath\amsbsy.sty
Package: amsbsy 1999/11/29 v1.2d Bold Symbols
\pmbraise@=\dimen142
)
(C:\Users\david\AppData\Local\Programs\MiKTeX\tex/latex/amsmath\amsopn.sty
Package: amsopn 2022/04/08 v2.04 operator names
)
\inf@bad=\count194
LaTeX Info: Redefining \frac on input line 234.
\uproot@=\count195
\leftroot@=\count196
LaTeX Info: Redefining \overline on input line 399.
LaTeX Info: Redefining \colon on input line 410.
\classnum@=\count197
\DOTSCASE@=\count198
LaTeX Info: Redefining \ldots on input line 496.
LaTeX Info: Redefining \dots on input line 499.
LaTeX Info: Redefining \cdots on input line 620.
\Mathstrutbox@=\box51
\strutbox@=\box52
LaTeX Info: Redefining \big on input line 722.
LaTeX Info: Redefining \Big on input line 723.
LaTeX Info: Redefining \bigg on input line 724.
LaTeX Info: Redefining \Bigg on input line 725.
\big@size=\dimen143
LaTeX Font Info:    Redeclaring font encoding OML on input line 743.
LaTeX Font Info:    Redeclaring font encoding OMS on input line 744.
\macc@depth=\count199
LaTeX Info: Redefining \bmod on input line 905.
LaTeX Info: Redefining \pmod on input line 910.
LaTeX Info: Redefining \smash on input line 940.
LaTeX Info: Redefining \relbar on input line 970.
LaTeX Info: Redefining \Relbar on input line 971.
\c@MaxMatrixCols=\count266
\dotsspace@=\muskip16
\c@parentequation=\count267
\dspbrk@lvl=\count268
\tag@help=\toks19
\row@=\count269
\column@=\count270
\maxfields@=\count271
\andhelp@=\toks20
\eqnshift@=\dimen144
\alignsep@=\dimen145
\tagshift@=\dimen146
\tagwidth@=\dimen147
\totwidth@=\dimen148
\lineht@=\dimen149
\@envbody=\toks21
\multlinegap=\skip65
\multlinetaggap=\skip66
\mathdisplay@stack=\toks22
LaTeX Info: Redefining \[ on input line 2953.
LaTeX Info: Redefining \] on input line 2954.
)
(C:\Users\david\AppData\Local\Programs\MiKTeX\tex/latex/amsfonts\amssymb.sty
Package: amssymb 2013/01/14 v3.01 AMS font symbols

(C:\Users\david\AppData\Local\Programs\MiKTeX\tex/latex/amsfonts\amsfonts.sty
Package: amsfonts 2013/01/14 v3.01 Basic AMSFonts support
\symAMSa=\mathgroup4
\symAMSb=\mathgroup5
LaTeX Font Info:    Redeclaring math symbol \hbar on input line 98.
LaTeX Font Info:    Overwriting math alphabet `\mathfrak' in version `bold'
(Font)                  U/euf/m/n --> U/euf/b/n on input line 106.
)) (C:\Users\david\AppData\Local\Programs\MiKTeX\tex/latex/makecell\makecell.st
y
Package: makecell 2009/08/03 V0.1e Managing of Tab Column Heads and Cells

(C:\Users\david\AppData\Local\Programs\MiKTeX\tex/latex/tools\array.sty
Package: array 2022/09/04 v2.5g Tabular extension package (FMi)
\col@sep=\dimen150
\ar@mcellbox=\box53
\extrarowheight=\dimen151
\NC@list=\toks23
\extratabsurround=\skip67
\backup@length=\skip68
\ar@cellbox=\box54
)
\rotheadsize=\dimen152
\c@nlinenum=\count272
\TeXr@lab=\toks24
)
(feupteses.sty
Package: feupteses 2024/10/07 1.1.3 

Document Style `FEUP Teses' 1.1.3 <2024/10/07>
(C:\Users\david\AppData\Local\Programs\MiKTeX\tex/generic/iftex\ifpdf.sty
Package: ifpdf 2019/10/25 v3.4 ifpdf legacy package. Use iftex instead.

(C:\Users\david\AppData\Local\Programs\MiKTeX\tex/generic/iftex\iftex.sty
Package: iftex 2022/02/03 v1.0f TeX engine tests
))
(C:\Users\david\AppData\Local\Programs\MiKTeX\tex/latex/base\fontenc.sty
Package: fontenc 2021/04/29 v2.0v Standard LaTeX package
)
(C:\Users\david\AppData\Local\Programs\MiKTeX\tex/generic/babel\babel.sty
Package: babel 2023/02/13 3.86 The Babel package
\babel@savecnt=\count273
\U@D=\dimen153
\l@unhyphenated=\language79

(C:\Users\david\AppData\Local\Programs\MiKTeX\tex/generic/babel\txtbabel.def)
\bbl@readstream=\read2
\bbl@dirlevel=\count274

*************************************
* Local config file bblopts.cfg used
*
(C:\Users\david\AppData\Local\Programs\MiKTeX\tex/latex/arabi\bblopts.cfg
File: bblopts.cfg 2005/09/08 v0.1 add Arabic and Farsi to "declared" options of
 babel
)
(C:\Users\david\AppData\Local\Programs\MiKTeX\tex/latex/babel-english\english.l
df
Language: english 2017/06/06 v3.3r English support from the babel system
Package babel Info: Hyphen rules for 'canadian' set to \l@english
(babel)             (\language0). Reported on input line 102.
Package babel Info: Hyphen rules for 'australian' set to \l@ukenglish
(babel)             (\language73). Reported on input line 105.
Package babel Info: Hyphen rules for 'newzealand' set to \l@ukenglish
(babel)             (\language73). Reported on input line 108.
))
(C:\Users\david\AppData\Local\Programs\MiKTeX\tex/generic/babel/locale/en\babel
-english.tex
Package babel Info: Importing font and identification data for english
(babel)             from babel-en.ini. Reported on input line 11.
)
(C:\Users\david\AppData\Local\Programs\MiKTeX\tex/latex/geometry\geometry.sty
Package: geometry 2020/01/02 v5.9 Page Geometry

(C:\Users\david\AppData\Local\Programs\MiKTeX\tex/latex/graphics\keyval.sty
Package: keyval 2022/05/29 v1.15 key=value parser (DPC)
\KV@toks@=\toks25
)
(C:\Users\david\AppData\Local\Programs\MiKTeX\tex/generic/iftex\ifvtex.sty
Package: ifvtex 2019/10/25 v1.7 ifvtex legacy package. Use iftex instead.
)
\Gm@cnth=\count275
\Gm@cntv=\count276
\c@Gm@tempcnt=\count277
\Gm@bindingoffset=\dimen154
\Gm@wd@mp=\dimen155
\Gm@odd@mp=\dimen156
\Gm@even@mp=\dimen157
\Gm@layoutwidth=\dimen158
\Gm@layoutheight=\dimen159
\Gm@layouthoffset=\dimen160
\Gm@layoutvoffset=\dimen161
\Gm@dimlist=\toks26

(C:\Users\david\AppData\Local\Programs\MiKTeX\tex/latex/geometry\geometry.cfg))
(C:\Users\david\AppData\Local\Programs\MiKTeX\tex/latex/psnfss\mathptmx.sty
Package: mathptmx 2020/03/25 PSNFSS-v9.3 Times w/ Math, improved (SPQR, WaS) 
LaTeX Font Info:    Redeclaring symbol font `operators' on input line 28.
LaTeX Font Info:    Overwriting symbol font `operators' in version `normal'
(Font)                  OT1/cmr/m/n --> OT1/ztmcm/m/n on input line 28.
LaTeX Font Info:    Overwriting symbol font `operators' in version `bold'
(Font)                  OT1/cmr/bx/n --> OT1/ztmcm/m/n on input line 28.
LaTeX Font Info:    Redeclaring symbol font `letters' on input line 29.
LaTeX Font Info:    Overwriting symbol font `letters' in version `normal'
(Font)                  OML/cmm/m/it --> OML/ztmcm/m/it on input line 29.
LaTeX Font Info:    Overwriting symbol font `letters' in version `bold'
(Font)                  OML/cmm/b/it --> OML/ztmcm/m/it on input line 29.
LaTeX Font Info:    Redeclaring symbol font `symbols' on input line 30.
LaTeX Font Info:    Overwriting symbol font `symbols' in version `normal'
(Font)                  OMS/cmsy/m/n --> OMS/ztmcm/m/n on input line 30.
LaTeX Font Info:    Overwriting symbol font `symbols' in version `bold'
(Font)                  OMS/cmsy/b/n --> OMS/ztmcm/m/n on input line 30.
LaTeX Font Info:    Redeclaring symbol font `largesymbols' on input line 31.
LaTeX Font Info:    Overwriting symbol font `largesymbols' in version `normal'
(Font)                  OMX/cmex/m/n --> OMX/ztmcm/m/n on input line 31.
LaTeX Font Info:    Overwriting symbol font `largesymbols' in version `bold'
(Font)                  OMX/cmex/m/n --> OMX/ztmcm/m/n on input line 31.
\symbold=\mathgroup6
\symitalic=\mathgroup7
LaTeX Font Info:    Redeclaring math alphabet \mathbf on input line 34.
LaTeX Font Info:    Overwriting math alphabet `\mathbf' in version `normal'
(Font)                  OT1/cmr/bx/n --> OT1/ptm/bx/n on input line 34.
LaTeX Font Info:    Overwriting math alphabet `\mathbf' in version `bold'
(Font)                  OT1/cmr/bx/n --> OT1/ptm/bx/n on input line 34.
LaTeX Font Info:    Redeclaring math alphabet \mathit on input line 35.
LaTeX Font Info:    Overwriting math alphabet `\mathit' in version `normal'
(Font)                  OT1/cmr/m/it --> OT1/ptm/m/it on input line 35.
LaTeX Font Info:    Overwriting math alphabet `\mathit' in version `bold'
(Font)                  OT1/cmr/bx/it --> OT1/ptm/m/it on input line 35.
LaTeX Info: Redefining \hbar on input line 50.
)
(C:\Users\david\AppData\Local\Programs\MiKTeX\tex/latex/courier-scaled\couriers
.sty
Package: couriers 2004/07/10 Scaled Courier (HS) 
) (C:\Users\david\AppData\Local\Programs\MiKTeX\tex/latex/psnfss\helvet.sty
Package: helvet 2020/03/25 PSNFSS-v9.3 (WaS) 
) (C:\Users\david\AppData\Local\Programs\MiKTeX\tex/latex/graphics\graphicx.sty
Package: graphicx 2021/09/16 v1.2d Enhanced LaTeX Graphics (DPC,SPQR)
(C:\Users\david\AppData\Local\Programs\MiKTeX\tex/latex/graphics\graphics.sty
Package: graphics 2022/03/10 v1.4e Standard LaTeX Graphics (DPC,SPQR)

(C:\Users\david\AppData\Local\Programs\MiKTeX\tex/latex/graphics\trig.sty
Package: trig 2021/08/11 v1.11 sin cos tan (DPC)
)
(C:\Users\david\AppData\Local\Programs\MiKTeX\tex/latex/graphics-cfg\graphics.c
fg
File: graphics.cfg 2016/06/04 v1.11 sample graphics configuration
)
Package graphics Info: Driver file: pdftex.def on input line 107.

(C:\Users\david\AppData\Local\Programs\MiKTeX\tex/latex/graphics-def\pdftex.def
File: pdftex.def 2022/09/22 v1.2b Graphics/color driver for pdftex
))
\Gin@req@height=\dimen162
\Gin@req@width=\dimen163
) (C:\Users\david\AppData\Local\Programs\MiKTeX\tex/latex/url\url.sty
\Urlmuskip=\muskip17
Package: url 2013/09/16  ver 3.4  Verb mode for urls, etc.
)
(C:\Users\david\AppData\Local\Programs\MiKTeX\tex/latex/setspace\setspace.sty
Package: setspace 2022/12/04 v6.7b set line spacing
)
(C:\Users\david\AppData\Local\Programs\MiKTeX\tex/latex/caption\caption.sty
Package: caption 2022/03/01 v3.6b Customizing captions (AR)

(C:\Users\david\AppData\Local\Programs\MiKTeX\tex/latex/caption\caption3.sty
Package: caption3 2022/03/17 v2.3b caption3 kernel (AR)
\caption@tempdima=\dimen164
\captionmargin=\dimen165
\caption@leftmargin=\dimen166
\caption@rightmargin=\dimen167
\caption@width=\dimen168
\caption@indent=\dimen169
\caption@parindent=\dimen170
\caption@hangindent=\dimen171
Package caption Info: Standard document class detected.
)
\c@caption@flags=\count278
\c@continuedfloat=\count279
)
(C:\Users\david\AppData\Local\Programs\MiKTeX\tex/latex/xcolor\xcolor.sty
Package: xcolor 2022/06/12 v2.14 LaTeX color extensions (UK)

(C:\Users\david\AppData\Local\Programs\MiKTeX\tex/latex/graphics-cfg\color.cfg
File: color.cfg 2016/01/02 v1.6 sample color configuration
)
Package xcolor Info: Driver file: pdftex.def on input line 227.
(C:\Users\david\AppData\Local\Programs\MiKTeX\tex/latex/graphics\mathcolor.ltx)
Package xcolor Info: Model `cmy' substituted by `cmy0' on input line 1353.
Package xcolor Info: Model `hsb' substituted by `rgb' on input line 1357.
Package xcolor Info: Model `RGB' extended on input line 1369.
Package xcolor Info: Model `HTML' substituted by `rgb' on input line 1371.
Package xcolor Info: Model `Hsb' substituted by `hsb' on input line 1372.
Package xcolor Info: Model `tHsb' substituted by `hsb' on input line 1373.
Package xcolor Info: Model `HSB' substituted by `hsb' on input line 1374.
Package xcolor Info: Model `Gray' substituted by `gray' on input line 1375.
Package xcolor Info: Model `wave' substituted by `hsb' on input line 1376.
) (C:\Users\david\AppData\Local\Programs\MiKTeX\tex/latex/float\float.sty
Package: float 2001/11/08 v1.3d Float enhancements (AL)
\c@float@type=\count280
\float@exts=\toks27
\float@box=\box55
\@float@everytoks=\toks28
\@floatcapt=\box56
)
(C:\Users\david\AppData\Local\Programs\MiKTeX\tex/latex/multirow\multirow.sty
Package: multirow 2021/03/15 v2.8 Span multiple rows of a table
\multirow@colwidth=\skip69
\multirow@cntb=\count281
\multirow@dima=\skip70
\bigstrutjot=\dimen172
)
(C:\Users\david\AppData\Local\Programs\MiKTeX\tex/latex/lineno\lineno.sty
Package: lineno 2025/01/29 line numbers on paragraphs v5.4

(C:\Users\david\AppData\Local\Programs\MiKTeX\tex/latex/etoolbox\etoolbox.sty
Package: etoolbox 2020/10/05 v2.5k e-TeX tools for LaTeX (JAW)
\etb@tempcnta=\count282
)
(C:\Users\david\AppData\Local\Programs\MiKTeX\tex/latex/kvoptions\kvoptions.sty
Package: kvoptions 2022-06-15 v3.15 Key value format for package options (HO)
(C:\Users\david\AppData\Local\Programs\MiKTeX\tex/generic/ltxcmds\ltxcmds.sty
Package: ltxcmds 2020-05-10 v1.25 LaTeX kernel commands for general use (HO)
)
(C:\Users\david\AppData\Local\Programs\MiKTeX\tex/latex/kvsetkeys\kvsetkeys.sty
Package: kvsetkeys 2022-10-05 v1.19 Key value parser (HO)
))
\linenopenalty=\count283
\output=\toks29
\linenoprevgraf=\count284
\linenumbersep=\dimen173
\linenumberwidth=\dimen174
\c@linenumber=\count285
\c@pagewiselinenumber=\count286
\c@LN@truepage=\count287
\c@internallinenumber=\count288
\c@internallinenumbers=\count289
\quotelinenumbersep=\dimen175
\bframerule=\dimen176
\bframesep=\dimen177
\bframebox=\box57
\@LN@amsmath@ams@eqpen=\count290
LaTeX Info: Redefining \\ on input line 3187.
)
(C:\Users\david\AppData\Local\Programs\MiKTeX\tex/latex/csquotes\csquotes.sty
Package: csquotes 2024-04-04 v5.2o context-sensitive quotations (JAW)
\csq@reset=\count291
\csq@gtype=\count292
\csq@glevel=\count293
\csq@qlevel=\count294
\csq@maxlvl=\count295
\csq@tshold=\count296
\csq@ltx@everypar=\toks30

(C:\Users\david\AppData\Local\Programs\MiKTeX\tex/latex/csquotes\csquotes.def
File: csquotes.def 2024-04-04 v5.2o csquotes generic definitions (JAW)
)
Package csquotes Info: Trying to load configuration file 'csquotes.cfg'...
Package csquotes Info: ... configuration file loaded successfully.

(C:\Users\david\AppData\Local\Programs\MiKTeX\tex/latex/csquotes\csquotes.cfg
File: csquotes.cfg 
)) (C:\Users\david\AppData\Local\Programs\MiKTeX\tex/latex/biblatex\biblatex.st
y
Package: biblatex 2022/07/12 v3.18b programmable bibliographies (PK/MW)

(C:\Users\david\AppData\Local\Programs\MiKTeX\tex/generic/pdftexcmds\pdftexcmds
.sty
Package: pdftexcmds 2020-06-27 v0.33 Utility functions of pdfTeX for LuaTeX (HO
)

(C:\Users\david\AppData\Local\Programs\MiKTeX\tex/generic/infwarerr\infwarerr.s
ty
Package: infwarerr 2019/12/03 v1.5 Providing info/warning/error messages (HO)
)
Package pdftexcmds Info: \pdf@primitive is available.
Package pdftexcmds Info: \pdf@ifprimitive is available.
Package pdftexcmds Info: \pdfdraftmode found.
) (C:\Users\david\AppData\Local\Programs\MiKTeX\tex/latex/logreq\logreq.sty
Package: logreq 2010/08/04 v1.0 xml request logger
\lrq@indent=\count297

(C:\Users\david\AppData\Local\Programs\MiKTeX\tex/latex/logreq\logreq.def
File: logreq.def 2010/08/04 v1.0 logreq spec v1.0
))
(C:\Users\david\AppData\Local\Programs\MiKTeX\tex/latex/base\ifthen.sty
Package: ifthen 2022/04/13 v1.1d Standard LaTeX ifthen package (DPC)
)
\c@tabx@nest=\count298
\c@listtotal=\count299
\c@listcount=\count300
\c@liststart=\count301
\c@liststop=\count302
\c@citecount=\count303
\c@citetotal=\count304
\c@multicitecount=\count305
\c@multicitetotal=\count306
\c@instcount=\count307
\c@maxnames=\count308
\c@minnames=\count309
\c@maxitems=\count310
\c@minitems=\count311
\c@citecounter=\count312
\c@maxcitecounter=\count313
\c@savedcitecounter=\count314
\c@uniquelist=\count315
\c@uniquename=\count316
\c@refsection=\count317
\c@refsegment=\count318
\c@maxextratitle=\count319
\c@maxextratitleyear=\count320
\c@maxextraname=\count321
\c@maxextradate=\count322
\c@maxextraalpha=\count323
\c@abbrvpenalty=\count324
\c@highnamepenalty=\count325
\c@lownamepenalty=\count326
\c@maxparens=\count327
\c@parenlevel=\count328
\blx@tempcnta=\count329
\blx@tempcntb=\count330
\blx@tempcntc=\count331
\c@blx@maxsection=\count332
\blx@maxsegment@0=\count333
\blx@notetype=\count334
\blx@parenlevel@text=\count335
\blx@parenlevel@foot=\count336
\blx@sectionciteorder@0=\count337
\blx@sectionciteorderinternal@0=\count338
\blx@entrysetcounter=\count339
\blx@biblioinstance=\count340
\labelnumberwidth=\skip71
\labelalphawidth=\skip72
\biblabelsep=\skip73
\bibitemsep=\skip74
\bibnamesep=\skip75
\bibinitsep=\skip76
\bibparsep=\skip77
\bibhang=\skip78
\blx@bcfin=\read3
\blx@bcfout=\write3
\blx@langwohyphens=\language80
\c@mincomprange=\count341
\c@maxcomprange=\count342
\c@mincompwidth=\count343
Package biblatex Info: Trying to load biblatex default data model...
Package biblatex Info: ... file 'blx-dm.def' found.

(C:\Users\david\AppData\Local\Programs\MiKTeX\tex/latex/biblatex\blx-dm.def
File: blx-dm.def 2022/07/12 v3.18b biblatex localization (PK/MW)
)
Package biblatex Info: Trying to load biblatex style data model...
Package biblatex Info: ... file 'ieee.dbx' not found.
Package biblatex Info: Trying to load biblatex custom data model...
Package biblatex Info: ... file 'biblatex-dm.cfg' not found.
\c@afterword=\count344
\c@savedafterword=\count345
\c@annotator=\count346
\c@savedannotator=\count347
\c@author=\count348
\c@savedauthor=\count349
\c@bookauthor=\count350
\c@savedbookauthor=\count351
\c@commentator=\count352
\c@savedcommentator=\count353
\c@editor=\count354
\c@savededitor=\count355
\c@editora=\count356
\c@savededitora=\count357
\c@editorb=\count358
\c@savededitorb=\count359
\c@editorc=\count360
\c@savededitorc=\count361
\c@foreword=\count362
\c@savedforeword=\count363
\c@holder=\count364
\c@savedholder=\count365
\c@introduction=\count366
\c@savedintroduction=\count367
\c@namea=\count368
\c@savednamea=\count369
\c@nameb=\count370
\c@savednameb=\count371
\c@namec=\count372
\c@savednamec=\count373
\c@translator=\count374
\c@savedtranslator=\count375
\c@shortauthor=\count376
\c@savedshortauthor=\count377
\c@shorteditor=\count378
\c@savedshorteditor=\count379
\c@labelname=\count380
\c@savedlabelname=\count381
\c@institution=\count382
\c@savedinstitution=\count383
\c@lista=\count384
\c@savedlista=\count385
\c@listb=\count386
\c@savedlistb=\count387
\c@listc=\count388
\c@savedlistc=\count389
\c@listd=\count390
\c@savedlistd=\count391
\c@liste=\count392
\c@savedliste=\count393
\c@listf=\count394
\c@savedlistf=\count395
\c@location=\count396
\c@savedlocation=\count397
\c@organization=\count398
\c@savedorganization=\count399
\c@origlocation=\count400
\c@savedoriglocation=\count401
\c@origpublisher=\count402
\c@savedorigpublisher=\count403
\c@publisher=\count404
\c@savedpublisher=\count405
\c@language=\count406
\c@savedlanguage=\count407
\c@origlanguage=\count408
\c@savedoriglanguage=\count409
\c@pageref=\count410
\c@savedpageref=\count411
\shorthandwidth=\skip79
\shortjournalwidth=\skip80
\shortserieswidth=\skip81
\shorttitlewidth=\skip82
\shortauthorwidth=\skip83
\shorteditorwidth=\skip84
\locallabelnumberwidth=\skip85
\locallabelalphawidth=\skip86
\localshorthandwidth=\skip87
\localshortjournalwidth=\skip88
\localshortserieswidth=\skip89
\localshorttitlewidth=\skip90
\localshortauthorwidth=\skip91
\localshorteditorwidth=\skip92
Package biblatex Info: Trying to load compatibility code...
Package biblatex Info: ... file 'blx-compat.def' found.

(C:\Users\david\AppData\Local\Programs\MiKTeX\tex/latex/biblatex\blx-compat.def
File: blx-compat.def 2022/07/12 v3.18b biblatex compatibility (PK/MW)
)
Package biblatex Info: Trying to load generic definitions...
Package biblatex Info: ... file 'biblatex.def' found.
 (C:\Users\david\AppData\Local\Programs\MiKTeX\tex/latex/biblatex\biblatex.def
File: biblatex.def 2022/07/12 v3.18b biblatex compatibility (PK/MW)
\c@textcitecount=\count412
\c@textcitetotal=\count413
\c@textcitemaxnames=\count414
\c@biburlbigbreakpenalty=\count415
\c@biburlbreakpenalty=\count416
\c@biburlnumpenalty=\count417
\c@biburlucpenalty=\count418
\c@biburllcpenalty=\count419
\biburlbigskip=\muskip18
\biburlnumskip=\muskip19
\biburlucskip=\muskip20
\biburllcskip=\muskip21
\c@smartand=\count420
)
Package biblatex Info: Trying to load bibliography style 'ieee'...
Package biblatex Info: ... file 'ieee.bbx' found.

(C:\Users\david\AppData\Local\Programs\MiKTeX\tex/latex/biblatex-ieee\ieee.bbx
File: ieee.bbx 2025-03-14 v1.4e biblatex bibliography style
Package biblatex Info: Trying to load bibliography style 'numeric-comp'...
Package biblatex Info: ... file 'numeric-comp.bbx' found.

(C:\Users\david\AppData\Local\Programs\MiKTeX\tex/latex/biblatex/bbx\numeric-co
mp.bbx
File: numeric-comp.bbx 2022/07/12 v3.18b biblatex bibliography style (PK/MW)
Package biblatex Info: Trying to load bibliography style 'numeric'...
Package biblatex Info: ... file 'numeric.bbx' found.

(C:\Users\david\AppData\Local\Programs\MiKTeX\tex/latex/biblatex/bbx\numeric.bb
x
File: numeric.bbx 2022/07/12 v3.18b biblatex bibliography style (PK/MW)
Package biblatex Info: Trying to load bibliography style 'standard'...
Package biblatex Info: ... file 'standard.bbx' found.

(C:\Users\david\AppData\Local\Programs\MiKTeX\tex/latex/biblatex/bbx\standard.b
bx
File: standard.bbx 2022/07/12 v3.18b biblatex bibliography style (PK/MW)
\c@bbx:relatedcount=\count421
\c@bbx:relatedtotal=\count422
)))

Package biblatex Warning: Macro 'volume+number' undefined.
(biblatex)                Using \newbibmacro.

)
Package biblatex Info: Trying to load citation style 'ieee'...
Package biblatex Info: ... file 'ieee.cbx' found.

(C:\Users\david\AppData\Local\Programs\MiKTeX\tex/latex/biblatex-ieee\ieee.cbx
File: ieee.cbx 2025-03-14 v1.4e biblatex citation style
Package biblatex Info: Trying to load citation style 'numeric-verb'...
Package biblatex Info: ... file 'numeric-verb.cbx' found.

(C:\Users\david\AppData\Local\Programs\MiKTeX\tex/latex/biblatex/cbx\numeric-ve
rb.cbx
File: numeric-verb.cbx 2022/07/12 v3.18b biblatex citation style (PK/MW)
Package biblatex Info: Redefining '\cite'.
Package biblatex Info: Redefining '\parencite'.
Package biblatex Info: Redefining '\footcite'.
Package biblatex Info: Redefining '\footcitetext'.
Package biblatex Info: Redefining '\smartcite'.
Package biblatex Info: Redefining '\textcite'.
Package biblatex Info: Redefining '\supercite'.
Package biblatex Info: Redefining '\parencites'.
Package biblatex Info: Redefining '\smartcites'.
Package biblatex Info: Redefining '\textcites'.
))
Package biblatex Info: Trying to load configuration file...
Package biblatex Info: ... file 'biblatex.cfg' found.

(C:\Users\david\AppData\Local\Programs\MiKTeX\tex/latex/biblatex\biblatex.cfg
File: biblatex.cfg 
)
Package biblatex Info: Input encoding 'utf8' detected.
Package biblatex Info: Document encoding is UTF8 ....

(C:\Users\david\AppData\Local\Programs\MiKTeX\tex/latex/l3kernel\expl3.sty
Package: expl3 2023-02-07 L3 programming layer (loader) 

(C:\Users\david\AppData\Local\Programs\MiKTeX\tex/latex/l3backend\l3backend-pdf
tex.def
File: l3backend-pdftex.def 2023-01-16 L3 backend support: PDF output (pdfTeX)
\l__color_backend_stack_int=\count423
\l__pdf_internal_box=\box58
))
Package biblatex Info: ... and expl3
(biblatex)             2023-02-07 L3 programming layer (loader) 
(biblatex)             is new enough (at least 2020/04/06),
(biblatex)             setting 'casechanger=expl3'.

(C:\Users\david\AppData\Local\Programs\MiKTeX\tex/latex/biblatex\blx-case-expl3
.sty
(C:\Users\david\AppData\Local\Programs\MiKTeX\tex/latex/l3packages/xparse\xpars
e.sty
Package: xparse 2023-01-16 L3 Experimental document command parser
)
Package: blx-case-expl3 2022/07/12 v3.18b expl3 case changing code for biblatex

))
\@vivatext=\box59
\@supervisorstext=\box60

(C:\Users\david\AppData\Local\Programs\MiKTeX\tex/latex/fancyhdr\fancyhdr.sty
Package: fancyhdr 2022/11/09 v4.1 Extensive control of page headers and footers

\f@nch@headwidth=\skip93
\f@nch@O@elh=\skip94
\f@nch@O@erh=\skip95
\f@nch@O@olh=\skip96
\f@nch@O@orh=\skip97
\f@nch@O@elf=\skip98
\f@nch@O@erf=\skip99
\f@nch@O@olf=\skip100
\f@nch@O@orf=\skip101
)
(C:\Users\david\AppData\Local\Programs\MiKTeX\tex/latex/hyperref\hyperref.sty
Package: hyperref 2023-02-07 v7.00v Hypertext links for LaTeX

(C:\Users\david\AppData\Local\Programs\MiKTeX\tex/generic/kvdefinekeys\kvdefine
keys.sty
Package: kvdefinekeys 2019-12-19 v1.6 Define keys (HO)
)
(C:\Users\david\AppData\Local\Programs\MiKTeX\tex/generic/pdfescape\pdfescape.s
ty
Package: pdfescape 2019/12/09 v1.15 Implements pdfTeX's escape features (HO)
) (C:\Users\david\AppData\Local\Programs\MiKTeX\tex/latex/hycolor\hycolor.sty
Package: hycolor 2020-01-27 v1.10 Color options for hyperref/bookmark (HO)
)
(C:\Users\david\AppData\Local\Programs\MiKTeX\tex/latex/letltxmacro\letltxmacro
.sty
Package: letltxmacro 2019/12/03 v1.6 Let assignment for LaTeX macros (HO)
)
(C:\Users\david\AppData\Local\Programs\MiKTeX\tex/latex/auxhook\auxhook.sty
Package: auxhook 2019-12-17 v1.6 Hooks for auxiliary files (HO)
)
(C:\Users\david\AppData\Local\Programs\MiKTeX\tex/latex/hyperref\nameref.sty
Package: nameref 2022-05-17 v2.50 Cross-referencing by name of section

(C:\Users\david\AppData\Local\Programs\MiKTeX\tex/latex/refcount\refcount.sty
Package: refcount 2019/12/15 v3.6 Data extraction from label references (HO)
)
(C:\Users\david\AppData\Local\Programs\MiKTeX\tex/generic/gettitlestring\gettit
lestring.sty
Package: gettitlestring 2019/12/15 v1.6 Cleanup title references (HO)
)
\c@section@level=\count424
)
\@linkdim=\dimen178
\Hy@linkcounter=\count425
\Hy@pagecounter=\count426

(C:\Users\david\AppData\Local\Programs\MiKTeX\tex/latex/hyperref\pd1enc.def
File: pd1enc.def 2023-02-07 v7.00v Hyperref: PDFDocEncoding definition (HO)
Now handling font encoding PD1 ...
... no UTF-8 mapping file for font encoding PD1
)
(C:\Users\david\AppData\Local\Programs\MiKTeX\tex/generic/intcalc\intcalc.sty
Package: intcalc 2019/12/15 v1.3 Expandable calculations with integers (HO)
)
(C:\Users\david\AppData\Local\Programs\MiKTeX\tex/generic/etexcmds\etexcmds.sty
Package: etexcmds 2019/12/15 v1.7 Avoid name clashes with e-TeX commands (HO)
)
\Hy@SavedSpaceFactor=\count427
 (C:\Users\david\AppData\Local\Programs\MiKTeX\tex/latex/hyperref\puenc.def
File: puenc.def 2023-02-07 v7.00v Hyperref: PDF Unicode definition (HO)
Now handling font encoding PU ...
... no UTF-8 mapping file for font encoding PU
)
Package hyperref Info: Option `pdfpagelabels' set `true' on input line 4060.
Package hyperref Info: Option `bookmarks' set `true' on input line 4060.
Package hyperref Info: Option `hyperindex' set `true' on input line 4060.
Package hyperref Info: Option `hyperfigures' set `true' on input line 4060.
Package hyperref Info: Hyper figures ON on input line 4175.
Package hyperref Info: Link nesting OFF on input line 4182.
Package hyperref Info: Hyper index ON on input line 4185.
Package hyperref Info: Plain pages OFF on input line 4192.
Package hyperref Info: Backreferencing OFF on input line 4197.
Package hyperref Info: Implicit mode ON; LaTeX internals redefined.
Package hyperref Info: Bookmarks ON on input line 4425.
\c@Hy@tempcnt=\count428
LaTeX Info: Redefining \url on input line 4763.
\XeTeXLinkMargin=\dimen179

(C:\Users\david\AppData\Local\Programs\MiKTeX\tex/generic/bitset\bitset.sty
Package: bitset 2019/12/09 v1.3 Handle bit-vector datatype (HO)

(C:\Users\david\AppData\Local\Programs\MiKTeX\tex/generic/bigintcalc\bigintcalc
.sty
Package: bigintcalc 2019/12/15 v1.5 Expandable calculations on big integers (HO
)
))
\Fld@menulength=\count429
\Field@Width=\dimen180
\Fld@charsize=\dimen181
Package hyperref Info: Hyper figures ON on input line 6040.
Package hyperref Info: Link nesting OFF on input line 6047.
Package hyperref Info: Hyper index ON on input line 6050.
Package hyperref Info: backreferencing OFF on input line 6057.
Package hyperref Info: Link coloring OFF on input line 6062.
Package hyperref Info: Link coloring with OCG OFF on input line 6067.
Package hyperref Info: PDF/A mode OFF on input line 6072.

(C:\Users\david\AppData\Local\Programs\MiKTeX\tex/latex/base\atbegshi-ltx.sty
Package: atbegshi-ltx 2021/01/10 v1.0c Emulation of the original atbegshi
package with kernel methods
)
\Hy@abspage=\count430
\c@Item=\count431
\c@Hfootnote=\count432
)
Package hyperref Info: Driver: hpdftex.
(C:\Users\david\AppData\Local\Programs\MiKTeX\tex/latex/hyperref\hpdftex.def
File: hpdftex.def 2023-02-07 v7.00v Hyperref driver for pdfTeX

(C:\Users\david\AppData\Local\Programs\MiKTeX\tex/latex/base\atveryend-ltx.sty
Package: atveryend-ltx 2020/08/19 v1.0a Emulation of the original atveryend pac
kage
with kernel methods
)
\Fld@listcount=\count433
\c@bookmark@seq@number=\count434

(C:\Users\david\AppData\Local\Programs\MiKTeX\tex/latex/rerunfilecheck\rerunfil
echeck.sty
Package: rerunfilecheck 2022-07-10 v1.10 Rerun checks for auxiliary files (HO)

(C:\Users\david\AppData\Local\Programs\MiKTeX\tex/generic/uniquecounter\uniquec
ounter.sty
Package: uniquecounter 2019/12/15 v1.4 Provide unlimited unique counter (HO)
)
Package uniquecounter Info: New unique counter `rerunfilecheck' on input line 2
85.
)
\Hy@SectionHShift=\skip102
)
Package hyperref Info: Option `plainpages' set `false' on input line 528.
Package hyperref Info: Option `bookmarksopen' set `false' on input line 528.
Package hyperref Info: Option `bookmarksnumbered' set `true' on input line 528.

Package hyperref Info: Option `breaklinks' set `true' on input line 528.
Package hyperref Info: Option `linktocpage' set `true' on input line 528.
Package hyperref Info: Option `colorlinks' set `true' on input line 528.
)
Package csquotes Info: Checking for multilingual support...
Package csquotes Info: ... found 'babel' package.
Package csquotes Info: Adjusting default style.
Package csquotes Info: Redefining alias 'default' -> 'english'.
LaTeX Font Info:    Trying to load font information for T1+ptm on input line 18
.

(C:\Users\david\AppData\Local\Programs\MiKTeX\tex/latex/psnfss\t1ptm.fd
File: t1ptm.fd 2001/06/04 font definitions for T1/ptm.
)
(thesis.aux (abstract.aux) (un-sdg.aux) (acknowledgements.aux) (quote.aux)
(abbrevs.aux) (introduction.aux) (literature_review.aux) (methods.aux)
(experiments.aux) (results_discussion.aux) (conclusion.aux) (appendix1.aux))
\openout1 = `thesis.aux'.

LaTeX Font Info:    Checking defaults for OML/cmm/m/it on input line 18.
LaTeX Font Info:    ... okay on input line 18.
LaTeX Font Info:    Checking defaults for OMS/cmsy/m/n on input line 18.
LaTeX Font Info:    ... okay on input line 18.
LaTeX Font Info:    Checking defaults for OT1/cmr/m/n on input line 18.
LaTeX Font Info:    ... okay on input line 18.
LaTeX Font Info:    Checking defaults for T1/cmr/m/n on input line 18.
LaTeX Font Info:    ... okay on input line 18.
LaTeX Font Info:    Checking defaults for TS1/cmr/m/n on input line 18.
LaTeX Font Info:    ... okay on input line 18.
LaTeX Font Info:    Checking defaults for OMX/cmex/m/n on input line 18.
LaTeX Font Info:    ... okay on input line 18.
LaTeX Font Info:    Checking defaults for U/cmr/m/n on input line 18.
LaTeX Font Info:    ... okay on input line 18.
LaTeX Font Info:    Checking defaults for PD1/pdf/m/n on input line 18.
LaTeX Font Info:    ... okay on input line 18.
LaTeX Font Info:    Checking defaults for PU/pdf/m/n on input line 18.
LaTeX Font Info:    ... okay on input line 18.

*geometry* driver: auto-detecting
*geometry* detected driver: pdftex
*geometry* verbose mode - [ preamble ] result:
* driver: pdftex
* paper: a4paper
* layout: <same size as paper>
* layoutoffset:(h,v)=(0.0pt,0.0pt)
* modes: includehead includefoot 
* h-part:(L,W,R)=(99.58464pt, 426.79135pt, 71.13188pt)
* v-part:(T,H,B)=(56.9055pt, 731.23584pt, 56.9055pt)
* \paperwidth=597.50787pt
* \paperheight=845.04684pt
* \textwidth=426.79135pt
* \textheight=661.23584pt
* \oddsidemargin=27.31465pt
* \evensidemargin=27.31465pt
* \topmargin=-15.36449pt
* \headheight=15.5pt
* \headsep=25.0pt
* \topskip=11.0pt
* \footskip=30.0pt
* \marginparwidth=50.0pt
* \marginparsep=10.0pt
* \columnsep=10.0pt
* \skip\footins=10.0pt plus 4.0pt minus 2.0pt
* \hoffset=0.0pt
* \voffset=0.0pt
* \mag=1000
* \@twocolumnfalse
* \@twosidefalse
* \@mparswitchfalse
* \@reversemarginfalse
* (1in=72.27pt=25.4mm, 1cm=28.453pt)


(C:\Users\david\AppData\Local\Programs\MiKTeX\tex/context/base/mkii\supp-pdf.mk
ii
[Loading MPS to PDF converter (version 2006.09.02).]
\scratchcounter=\count435
\scratchdimen=\dimen182
\scratchbox=\box61
\nofMPsegments=\count436
\nofMParguments=\count437
\everyMPshowfont=\toks31
\MPscratchCnt=\count438
\MPscratchDim=\dimen183
\MPnumerator=\count439
\makeMPintoPDFobject=\count440
\everyMPtoPDFconversion=\toks32
)
(C:\Users\david\AppData\Local\Programs\MiKTeX\tex/latex/epstopdf-pkg\epstopdf-b
ase.sty
Package: epstopdf-base 2020-01-24 v2.11 Base part for package epstopdf
Package epstopdf-base Info: Redefining graphics rule for `.eps' on input line 4
85.

(C:\Users\david\AppData\Local\Programs\MiKTeX\tex/latex/00miktex\epstopdf-sys.c
fg
File: epstopdf-sys.cfg 2021/03/18 v2.0 Configuration of epstopdf for MiKTeX
))
Package caption Info: Begin \AtBeginDocument code.
Package caption Info: float package is loaded.
Package caption Info: hyperref package is loaded.
Package caption Info: End \AtBeginDocument code.
Package biblatex Info: Trying to load language 'english'...
Package biblatex Info: ... file 'english.lbx' found.

(C:\Users\david\AppData\Local\Programs\MiKTeX\tex/latex/biblatex/lbx\english.lb
x
File: english.lbx 2022/07/12 v3.18b biblatex localization (PK/MW)
)
Package biblatex Info: Input encoding 'utf8' detected.
Package biblatex Info: Automatic encoding selection.
(biblatex)             Assuming data encoding 'utf8'.
\openout3 = `thesis.bcf'.

Package biblatex Info: Trying to load bibliographic data...
Package biblatex Info: ... file 'thesis.bbl' found.
 (thesis.bbl)
Package biblatex Info: Reference section=0 on input line 18.
Package biblatex Info: Reference segment=0 on input line 18.
Package hyperref Info: Link coloring ON on input line 18.
 (thesis.out) (thesis.out)
\@outlinefile=\write4
\openout4 = `thesis.out'.

\@crestbox=\box62
<figures//uporto-feup.pdf, id=195, 338.26375pt x 126.4725pt>
File: figures//uporto-feup.pdf Graphic file (type pdf)
<use figures//uporto-feup.pdf>
Package pdftex.def Info: figures//uporto-feup.pdf  used on input line 38.
(pdftex.def)             Requested size: 204.85983pt x 76.59618pt.
 [-3


{C:/Users/david/AppData/Local/MiKTeX/fonts/map/pdftex/pdftex.map} <./figures//u
porto-feup.pdf>]
LaTeX Font Info:    Trying to load font information for TS1+ptm on input line 3
8.

(C:\Users\david\AppData\Local\Programs\MiKTeX\tex/latex/psnfss\ts1ptm.fd
File: ts1ptm.fd 2001/06/04 font definitions for TS1/ptm.
)
[-2

]
\openout2 = `abstract.aux'.

 (abstract.tex [1




]) [2

]
\openout2 = `un-sdg.aux'.

 (un-sdg.tex
Overfull \hbox (1.82004pt too wide) in paragraph at lines 3--4
\T1/ptm/m/n/10.95 The United Na-tions Sus-tain-able De-vel-op-ment Goals (SDGs)
 pro-vide a global frame-work to achieve
 []

LaTeX Font Info:    Trying to load font information for OT1+ztmcm on input line
 19.
(C:\Users\david\AppData\Local\Programs\MiKTeX\tex/latex/psnfss\ot1ztmcm.fd
File: ot1ztmcm.fd 2000/01/03 Fontinst v1.801 font definitions for OT1/ztmcm.
)
LaTeX Font Info:    Trying to load font information for OML+ztmcm on input line
 19.

(C:\Users\david\AppData\Local\Programs\MiKTeX\tex/latex/psnfss\omlztmcm.fd
File: omlztmcm.fd 2000/01/03 Fontinst v1.801 font definitions for OML/ztmcm.
)
LaTeX Font Info:    Trying to load font information for OMS+ztmcm on input line
 19.

(C:\Users\david\AppData\Local\Programs\MiKTeX\tex/latex/psnfss\omsztmcm.fd
File: omsztmcm.fd 2000/01/03 Fontinst v1.801 font definitions for OMS/ztmcm.
)
LaTeX Font Info:    Trying to load font information for OMX+ztmcm on input line
 19.

(C:\Users\david\AppData\Local\Programs\MiKTeX\tex/latex/psnfss\omxztmcm.fd
File: omxztmcm.fd 2000/01/03 Fontinst v1.801 font definitions for OMX/ztmcm.
)
LaTeX Font Info:    Trying to load font information for OT1+ptm on input line 1
9.

(C:\Users\david\AppData\Local\Programs\MiKTeX\tex/latex/psnfss\ot1ptm.fd
File: ot1ptm.fd 2001/06/04 font definitions for OT1/ptm.
)
LaTeX Font Info:    Font shape `OT1/ptm/bx/n' in size <10.95> not available
(Font)              Font shape `OT1/ptm/b/n' tried instead on input line 19.
LaTeX Font Info:    Font shape `OT1/ptm/bx/n' in size <8> not available
(Font)              Font shape `OT1/ptm/b/n' tried instead on input line 19.
LaTeX Font Info:    Font shape `OT1/ptm/bx/n' in size <6> not available
(Font)              Font shape `OT1/ptm/b/n' tried instead on input line 19.

Underfull \hbox (badness 10000) in paragraph at lines 21--22
[]|\T1/ptm/b/n/10.95 Performance In-di-ca-tors and
 []


Underfull \hbox (badness 4144) in paragraph at lines 27--27
\T1/ptm/m/n/10.95 es-ti-ma-tion pipeline that in-te-grates
 []


Underfull \hbox (badness 7907) in paragraph at lines 29--29
\T1/ptm/m/n/10.95 In-creased ac-cept-abil-ity of AI
 []

[3




]) [4]
\openout2 = `acknowledgements.aux'.

 (acknowledgements.tex) [5




]
\openout2 = `quote.aux'.

 (quote.tex) [6




] (thesis.toc [7




])
\tf@toc=\write5
\openout5 = `thesis.toc'.

 [8]
(thesis.lof [9


] [10] [11] [12])
\tf@lof=\write6
\openout6 = `thesis.lof'.

 [13] (thesis.lot [14


] [15])
\tf@lot=\write7
\openout7 = `thesis.lot'.

 [16]
\openout2 = `abbrevs.aux'.

 (abbrevs.tex)
[17


]
\openout2 = `introduction.aux'.

 (introduction.tex
Chapter 1.
[1





]
<figures/OCTVolume.png, id=607, 293.29575pt x 330.033pt>
File: figures/OCTVolume.png Graphic file (type png)
<use figures/OCTVolume.png>
Package pdftex.def Info: figures/OCTVolume.png  used on input line 16.
(pdftex.def)             Requested size: 213.39568pt x 240.13144pt.
<figures/SegmentedFluidsOCT.png, id=614, 551.81157pt x 313.17pt>
File: figures/SegmentedFluidsOCT.png Graphic file (type png)
<use figures/SegmentedFluidsOCT.png>
Package pdftex.def Info: figures/SegmentedFluidsOCT.png  used on input line 26.

(pdftex.def)             Requested size: 320.0935pt x 181.67216pt.
<figures/RetinalLayers.png, id=617, 712.91344pt x 282.30469pt>
File: figures/RetinalLayers.png Graphic file (type png)
<use figures/RetinalLayers.png>
Package pdftex.def Info: figures/RetinalLayers.png  used on input line 32.
(pdftex.def)             Requested size: 426.79135pt x 169.00504pt.
 [2 <./figures/OCTVolume.png>] [3 <./figures/SegmentedFluidsOCT.png> <./figures
/RetinalLayers.png>]) [4]
\openout2 = `literature_review.aux'.

 (literature_review.tex
Chapter 2.
[5




]
<figures/ArticlesSelection.png, id=679, 571.13374pt x 342.27875pt>
File: figures/ArticlesSelection.png Graphic file (type png)
<use figures/ArticlesSelection.png>
Package pdftex.def Info: figures/ArticlesSelection.png  used on input line 18.
(pdftex.def)             Requested size: 320.0935pt x 191.83147pt.
<figures/BinarySegmentationExample.png, id=680, 685.05937pt x 331.99031pt>
File: figures/BinarySegmentationExample.png Graphic file (type png)
<use figures/BinarySegmentationExample.png>
Package pdftex.def Info: figures/BinarySegmentationExample.png  used on input l
ine 24.
(pdftex.def)             Requested size: 426.79135pt x 206.83487pt.
 [6 <./figures/ArticlesSelection.png>] [7 <./figures/BinarySegmentationExample.
png>]
<figures/PreSegmentationAndFluidSegmentation.png, id=775, 759.58781pt x 315.428
44pt>
File: figures/PreSegmentationAndFluidSegmentation.png Graphic file (type png)
<use figures/PreSegmentationAndFluidSegmentation.png>
Package pdftex.def Info: figures/PreSegmentationAndFluidSegmentation.png  used 
on input line 51.
(pdftex.def)             Requested size: 426.79135pt x 177.23553pt.
 [8] [9 <./figures/PreSegmentationAndFluidSegmentation.png>]
<figures/GANGenerationFramework.png, id=829, 505.89pt x 499.11469pt>
File: figures/GANGenerationFramework.png Graphic file (type png)
<use figures/GANGenerationFramework.png>
Package pdftex.def Info: figures/GANGenerationFramework.png  used on input line
 77.
(pdftex.def)             Requested size: 298.75264pt x 294.75688pt.
 [10]
<figures/XiaFramework.png, id=847, 1043.097pt x 492.03825pt>
File: figures/XiaFramework.png Graphic file (type png)
<use figures/XiaFramework.png>
Package pdftex.def Info: figures/XiaFramework.png  used on input line 92.
(pdftex.def)             Requested size: 469.47308pt x 221.4527pt.

Overfull \hbox (19.4673pt too wide) in paragraph at lines 91--93
 []|  [] 
 []

[11 <./figures/GANGenerationFramework.png>] [12 <./figures/XiaFramework.png>]
<figures/ZhangFramework.png, id=872, 946.737pt x 383.63326pt>
File: figures/ZhangFramework.png Graphic file (type png)
<use figures/ZhangFramework.png>
Package pdftex.def Info: figures/ZhangFramework.png  used on input line 120.
(pdftex.def)             Requested size: 469.47308pt x 190.23563pt.

Overfull \hbox (19.4673pt too wide) in paragraph at lines 119--121
 []|  [] 
 []

[13 <./figures/ZhangFramework.png>]
<figures/FangArchitecture.png, id=885, 753.5653pt x 283.81032pt>
File: figures/FangArchitecture.png Graphic file (type png)
<use figures/FangArchitecture.png>
Package pdftex.def Info: figures/FangArchitecture.png  used on input line 133.
(pdftex.def)             Requested size: 533.48918pt x 200.92209pt.

Overfull \hbox (36.50835pt too wide) in paragraph at lines 132--134
 []|  [] 
 []

[14 <./figures/FangArchitecture.png>] [15]
<figures/RIFEPipeline.png, id=917, 364.9635pt x 158.39175pt>
File: figures/RIFEPipeline.png Graphic file (type png)
<use figures/RIFEPipeline.png>
Package pdftex.def Info: figures/RIFEPipeline.png  used on input line 168.
(pdftex.def)             Requested size: 362.77525pt x 157.45119pt.
 [16 <./figures/RIFEPipeline.png>]
<figures/VideoGANFramework.png, id=930, 427.00374pt x 241.74825pt>
File: figures/VideoGANFramework.png Graphic file (type png)
<use figures/VideoGANFramework.png>
Package pdftex.def Info: figures/VideoGANFramework.png  used on input line 181.

(pdftex.def)             Requested size: 426.79135pt x 241.6259pt.
)
[17 <./figures/VideoGANFramework.png>]
\openout2 = `methods.aux'.

 (methods.tex
Chapter 3.
[18




]
<figures/CirrusTopconSpectralisRetinalLayerComparison.png, id=949, 801.759pt x 
535.236pt>
File: figures/CirrusTopconSpectralisRetinalLayerComparison.png Graphic file (ty
pe png)
<use figures/CirrusTopconSpectralisRetinalLayerComparison.png>
Package pdftex.def Info: figures/CirrusTopconSpectralisRetinalLayerComparison.p
ng  used on input line 17.
(pdftex.def)             Requested size: 341.43437pt x 227.93372pt.
LaTeX Font Info:    Font shape `OT1/ptm/bx/n' in size <9> not available
(Font)              Font shape `OT1/ptm/b/n' tried instead on input line 48.
LaTeX Font Info:    Font shape `OT1/ptm/bx/n' in size <7> not available
(Font)              Font shape `OT1/ptm/b/n' tried instead on input line 48.
LaTeX Font Info:    Font shape `OT1/ptm/bx/n' in size <5> not available
(Font)              Font shape `OT1/ptm/b/n' tried instead on input line 48.
 [19 <./figures/CirrusTopconSpectralisRetinalLayerComparison.png>]
<figures/CHUSJDifferentResolutions.png, id=976, 955.059pt x 199.509pt>
File: figures/CHUSJDifferentResolutions.png Graphic file (type png)
<use figures/CHUSJDifferentResolutions.png>
Package pdftex.def Info: figures/CHUSJDifferentResolutions.png  used on input l
ine 68.
(pdftex.def)             Requested size: 426.79135pt x 89.15718pt.
 [20 <./figures/CHUSJDifferentResolutions.png>]
<figures/UNet.png, id=984, 426.09187pt x 287.57437pt>
File: figures/UNet.png Graphic file (type png)
<use figures/UNet.png>
Package pdftex.def Info: figures/UNet.png  used on input line 84.
(pdftex.def)             Requested size: 320.0935pt x 216.04884pt.
 [21] [22 <./figures/UNet.png>]
<figures/FluidAndROI.png, id=1013, 963.6pt x 312.951pt>
File: figures/FluidAndROI.png Graphic file (type png)
<use figures/FluidAndROI.png>
Package pdftex.def Info: figures/FluidAndROI.png  used on input line 128.
(pdftex.def)             Requested size: 426.79135pt x 138.60616pt.
<figures/BigPatchExtraction.png, id=1015, 490.998pt x 327.186pt>
File: figures/BigPatchExtraction.png Graphic file (type png)
<use figures/BigPatchExtraction.png>
Package pdftex.def Info: figures/BigPatchExtraction.png  used on input line 137
.
(pdftex.def)             Requested size: 277.41176pt x 184.86542pt.
 [23 <./figures/FluidAndROI.png>]
<figures/CirrusFourPatchExtraction.png, id=1027, 799.131pt x 503.7pt>
File: figures/CirrusFourPatchExtraction.png Graphic file (type png)
<use figures/CirrusFourPatchExtraction.png>
Package pdftex.def Info: figures/CirrusFourPatchExtraction.png  used on input l
ine 150.
(pdftex.def)             Requested size: 277.41176pt x 174.85269pt.
<figures/CirrusSevenPatchExtraction.png, id=1028, 828.477pt x 509.394pt>
File: figures/CirrusSevenPatchExtraction.png Graphic file (type png)
<use figures/CirrusSevenPatchExtraction.png>
Package pdftex.def Info: figures/CirrusSevenPatchExtraction.png  used on input 
line 157.
(pdftex.def)             Requested size: 277.41176pt x 170.56448pt.
<figures/CirrusThirteenPatchExtraction.png, id=1029, 925.275pt x 508.299pt>
File: figures/CirrusThirteenPatchExtraction.png Graphic file (type png)
<use figures/CirrusThirteenPatchExtraction.png>
Package pdftex.def Info: figures/CirrusThirteenPatchExtraction.png  used on inp
ut line 164.
(pdftex.def)             Requested size: 320.0935pt x 175.84421pt.
 [24 <./figures/BigPatchExtraction.png> <./figures/CirrusFourPatchExtraction.pn
g>] [25 <./figures/CirrusSevenPatchExtraction.png> <./figures/CirrusThirteenPat
chExtraction.png>]
<figures/FrameInterpolationFramework.png, id=1046, 511.9125pt x 281.25075pt>
File: figures/FrameInterpolationFramework.png Graphic file (type png)
<use figures/FrameInterpolationFramework.png>
Package pdftex.def Info: figures/FrameInterpolationFramework.png  used on input
 line 191.
(pdftex.def)             Requested size: 426.79135pt x 234.48518pt.
 [26] [27 <./figures/FrameInterpolationFramework.png>]
<figures/GANFramework.png, id=1098, 616.55344pt x 347.79938pt>
File: figures/GANFramework.png Graphic file (type png)
<use figures/GANFramework.png>
Package pdftex.def Info: figures/GANFramework.png  used on input line 230.
(pdftex.def)             Requested size: 298.75264pt x 168.52858pt.
 [28 <./figures/GANFramework.png>]
<figures/GeneratorArchitecture.png, id=1111, 489.62926pt x 214.401pt>
File: figures/GeneratorArchitecture.png Graphic file (type png)
<use figures/GeneratorArchitecture.png>
Package pdftex.def Info: figures/GeneratorArchitecture.png  used on input line 
241.
(pdftex.def)             Requested size: 426.79135pt x 186.88394pt.
<figures/CirrusSixtyFourPatchExtraction.png, id=1115, 880.161pt x 478.953pt>
File: figures/CirrusSixtyFourPatchExtraction.png Graphic file (type png)
<use figures/CirrusSixtyFourPatchExtraction.png>
Package pdftex.def Info: figures/CirrusSixtyFourPatchExtraction.png  used on in
put line 250.
(pdftex.def)             Requested size: 298.75264pt x 162.56415pt.
 [29 <./figures/GeneratorArchitecture.png>] [30 <./figures/CirrusSixtyFourPatch
Extraction.png>] [31]
Overfull \hbox (6.216pt too wide) in paragraph at lines 338--339
[]\T1/ptm/m/n/10.95 The OCT scans used in the fluid vol-ume es-ti-ma-tion ex-pe
r-i-ments were those from the []
 []

[32] [33]) [34]
\openout2 = `experiments.aux'.

 (experiments.tex
Chapter 4.
[35




] [36] [37] [38] [39]) [40]

Package fancyhdr Warning: \headheight is too small (15.5pt): 
(fancyhdr)                Make it at least 25.10403pt, for example:
(fancyhdr)                \setlength{\headheight}{25.10403pt}.
(fancyhdr)                You might also make \topmargin smaller to compensate:

(fancyhdr)                \addtolength{\topmargin}{-9.60403pt}.

[41]
\openout2 = `results_discussion.aux'.

 (results_discussion.tex
Chapter 5.
[42




] [43]
<figures/CirrusPatchExample.png, id=1231, 66.4884pt x 133.33815pt>
File: figures/CirrusPatchExample.png Graphic file (type png)
<use figures/CirrusPatchExample.png>
Package pdftex.def Info: figures/CirrusPatchExample.png  used on input line 90.

(pdftex.def)             Requested size: 76.8193pt x 154.06401pt.
<figures/Experiment11Segmentation.png, id=1233, 729.051pt x 179.361pt>
File: figures/Experiment11Segmentation.png Graphic file (type png)
<use figures/Experiment11Segmentation.png>
Package pdftex.def Info: figures/Experiment11Segmentation.png  used on input li
ne 99.
(pdftex.def)             Requested size: 426.79135pt x 105.001pt.
 [44 <./figures/CirrusPatchExample.png> <./figures/Experiment11Segmentation.png
>] [45]
<figures/BigPatchSegmentationCirrus.png, id=1251, 359.16pt x 348.21pt>
File: figures/BigPatchSegmentationCirrus.png Graphic file (type png)
<use figures/BigPatchSegmentationCirrus.png>
Package pdftex.def Info: figures/BigPatchSegmentationCirrus.png  used on input 
line 179.
(pdftex.def)             Requested size: 213.39568pt x 206.88731pt.
<figures/BigPatchSegmentationTopcon.png, id=1254, 346.458pt x 219.657pt>
File: figures/BigPatchSegmentationTopcon.png Graphic file (type png)
<use figures/BigPatchSegmentationTopcon.png>
Package pdftex.def Info: figures/BigPatchSegmentationTopcon.png  used on input 
line 186.
(pdftex.def)             Requested size: 256.07741pt x 162.36264pt.
 [46 <./figures/BigPatchSegmentationCirrus.png>]
<figures/TrainingValidationLosses.png, id=1266, 720.291pt x 284.86424pt>
File: figures/TrainingValidationLosses.png Graphic file (type png)
<use figures/TrainingValidationLosses.png>
Package pdftex.def Info: figures/TrainingValidationLosses.png  used on input li
ne 263.
(pdftex.def)             Requested size: 426.79135pt x 168.79pt.
 [47 <./figures/BigPatchSegmentationTopcon.png>] [48 <./figures/TrainingValidat
ionLosses.png>]
<figures/VerticalPatchesSegmentationTopcon.png, id=1290, 870.744pt x 275.283pt>

File: figures/VerticalPatchesSegmentationTopcon.png Graphic file (type png)
<use figures/VerticalPatchesSegmentationTopcon.png>
Package pdftex.def Info: figures/VerticalPatchesSegmentationTopcon.png  used on
 input line 280.
(pdftex.def)             Requested size: 426.79135pt x 134.93184pt.
[49 <./figures/VerticalPatchesSegmentationTopcon.png>]
<figures/ValidationLossesFourSevenThirteenPatches.png, id=1298, 636.57825pt x 3
29.43076pt>
File: figures/ValidationLossesFourSevenThirteenPatches.png Graphic file (type p
ng)
<use figures/ValidationLossesFourSevenThirteenPatches.png>
Package pdftex.def Info: figures/ValidationLossesFourSevenThirteenPatches.png  
used on input line 343.
(pdftex.def)             Requested size: 426.79135pt x 220.86826pt.
 [50 <./figures/ValidationLossesFourSevenThirteenPatches.png>]
<figures/CirrusSegmentationErrors.png, id=1307, 783.144pt x 226.665pt>
File: figures/CirrusSegmentationErrors.png Graphic file (type png)
<use figures/CirrusSegmentationErrors.png>
Package pdftex.def Info: figures/CirrusSegmentationErrors.png  used on input li
ne 356.
(pdftex.def)             Requested size: 426.79135pt x 123.52823pt.
<figures/TransformationsInVerticalPatches.png, id=1308, 405.15pt x 373.395pt>
File: figures/TransformationsInVerticalPatches.png Graphic file (type png)
<use figures/TransformationsInVerticalPatches.png>
Package pdftex.def Info: figures/TransformationsInVerticalPatches.png  used on 
input line 363.
(pdftex.def)             Requested size: 213.39568pt x 196.67343pt.
 [51 <./figures/CirrusSegmentationErrors.png> <./figures/TransformationsInVerti
calPatches.png>]
<figures/DifferentRetinaOrientation.png, id=1321, 547.5pt x 252.069pt>
File: figures/DifferentRetinaOrientation.png Graphic file (type png)
<use figures/DifferentRetinaOrientation.png>
Package pdftex.def Info: figures/DifferentRetinaOrientation.png  used on input 
line 435.
(pdftex.def)             Requested size: 298.75264pt x 137.54988pt.
<figures/SegmentationErrorsNoRotation.png, id=1322, 580.788pt x 270.465pt>
File: figures/SegmentationErrorsNoRotation.png Graphic file (type png)
<use figures/SegmentationErrorsNoRotation.png>
Package pdftex.def Info: figures/SegmentationErrorsNoRotation.png  used on inpu
t line 442.
(pdftex.def)             Requested size: 298.75264pt x 139.12387pt.
 [52] [53 <./figures/DifferentRetinaOrientation.png> <./figures/SegmentationErr
orsNoRotation.png>]
<figures/SegmentationsComparisonBetweenDifferentRotations.png, id=1343, 889.578
pt x 275.283pt>
File: figures/SegmentationsComparisonBetweenDifferentRotations.png Graphic file
 (type png)
<use figures/SegmentationsComparisonBetweenDifferentRotations.png>
Package pdftex.def Info: figures/SegmentationsComparisonBetweenDifferentRotatio
ns.png  used on input line 575.
(pdftex.def)             Requested size: 426.79135pt x 132.07132pt.

[54] [55 <./figures/SegmentationsComparisonBetweenDifferentRotations.png>]
[56]
<figures/Experiment1FinalModelPredictionsCirrus.png, id=1368, 828.477pt x 502.6
05pt>
File: figures/Experiment1FinalModelPredictionsCirrus.png Graphic file (type png
)
<use figures/Experiment1FinalModelPredictionsCirrus.png>
Package pdftex.def Info: figures/Experiment1FinalModelPredictionsCirrus.png  us
ed on input line 700.
(pdftex.def)             Requested size: 384.1096pt x 233.01868pt.
<figures/Experiment1FinalModelPredictionsSpectralis.png, id=1369, 827.82pt x 50
4.795pt>
File: figures/Experiment1FinalModelPredictionsSpectralis.png Graphic file (type
 png)
<use figures/Experiment1FinalModelPredictionsSpectralis.png>
Package pdftex.def Info: figures/Experiment1FinalModelPredictionsSpectralis.png
  used on input line 707.
(pdftex.def)             Requested size: 384.1096pt x 234.22658pt.
<figures/Experiment1FinalModelPredictionsTopcon.png, id=1370, 830.886pt x 501.7
29pt>
File: figures/Experiment1FinalModelPredictionsTopcon.png Graphic file (type png
)
<use figures/Experiment1FinalModelPredictionsTopcon.png>
Package pdftex.def Info: figures/Experiment1FinalModelPredictionsTopcon.png  us
ed on input line 714.
(pdftex.def)             Requested size: 384.1096pt x 231.93884pt.
 [57 <./figures/Experiment1FinalModelPredictionsCirrus.png>] [58 <./figures/Exp
eriment1FinalModelPredictionsSpectralis.png> <./figures/Experiment1FinalModelPr
edictionsTopcon.png>] [59]
<figures/Experiment2IRFSegmentation.png, id=1391, 487.713pt x 475.668pt>
File: figures/Experiment2IRFSegmentation.png Graphic file (type png)
<use figures/Experiment2IRFSegmentation.png>
Package pdftex.def Info: figures/Experiment2IRFSegmentation.png  used on input 
line 801.
(pdftex.def)             Requested size: 298.75264pt x 291.38367pt.
 [60 <./figures/Experiment2IRFSegmentation.png>]
[61] [62]
<figures/Experiment2PEDSegmentation.png, id=1409, 487.713pt x 473.478pt>
File: figures/Experiment2PEDSegmentation.png Graphic file (type png)
<use figures/Experiment2PEDSegmentation.png>
Package pdftex.def Info: figures/Experiment2PEDSegmentation.png  used on input 
line 952.
(pdftex.def)             Requested size: 298.75264pt x 290.04211pt.
 [63 <./figures/Experiment2PEDSegmentation.png>]
<figures/ProbabilityVsPrioritySegmentation.png, id=1417, 642.60075pt x 349.305p
t>
File: figures/ProbabilityVsPrioritySegmentation.png Graphic file (type png)
<use figures/ProbabilityVsPrioritySegmentation.png>
Package pdftex.def Info: figures/ProbabilityVsPrioritySegmentation.png  used on
 input line 969.
(pdftex.def)             Requested size: 426.79135pt x 231.99709pt.

Underfull \hbox (badness 10000) in paragraph at lines 1022--1022
[]\T1/ptm/b/n/10.95 Priority-
 []


Underfull \hbox (badness 10000) in paragraph at lines 1022--1022
\T1/ptm/b/n/10.95 based
 []


Underfull \hbox (badness 10000) in paragraph at lines 1022--1022
[]\T1/ptm/b/n/10.95 Probability-
 []


Underfull \hbox (badness 10000) in paragraph at lines 1022--1022
\T1/ptm/b/n/10.95 based
 []

[64 <./figures/ProbabilityVsPrioritySegmentation.png>] [65]
<figures/Experiment2FinalModelPredictionsCirrus.png, id=1432, 644.517pt x 525.8
19pt>
File: figures/Experiment2FinalModelPredictionsCirrus.png Graphic file (type png
)
<use figures/Experiment2FinalModelPredictionsCirrus.png>
Package pdftex.def Info: figures/Experiment2FinalModelPredictionsCirrus.png  us
ed on input line 1042.
(pdftex.def)             Requested size: 298.75264pt x 243.73306pt.
<figures/Experiment2FinalModelPredictionsSpectralis.png, id=1433, 621.96pt x 52
1.439pt>
File: figures/Experiment2FinalModelPredictionsSpectralis.png Graphic file (type
 png)
<use figures/Experiment2FinalModelPredictionsSpectralis.png>
Package pdftex.def Info: figures/Experiment2FinalModelPredictionsSpectralis.png
  used on input line 1049.
(pdftex.def)             Requested size: 298.75264pt x 250.47087pt.
<figures/Experiment2FinalModelPredictionsTopcon.png, id=1434, 624.807pt x 542.0
25pt>
File: figures/Experiment2FinalModelPredictionsTopcon.png Graphic file (type png
)
<use figures/Experiment2FinalModelPredictionsTopcon.png>
Package pdftex.def Info: figures/Experiment2FinalModelPredictionsTopcon.png  us
ed on input line 1056.
(pdftex.def)             Requested size: 298.75264pt x 259.17656pt.
 [66 <./figures/Experiment2FinalModelPredictionsCirrus.png>]

LaTeX Warning: Text page 67 contains only floats.

[67 <./figures/Experiment2FinalModelPredictionsSpectralis.png> <./figures/Exper
iment2FinalModelPredictionsTopcon.png>] [68]
<figures/BCESegmentationError.png, id=1456, 773.07pt x 464.28pt>
File: figures/BCESegmentationError.png Graphic file (type png)
<use figures/BCESegmentationError.png>
Package pdftex.def Info: figures/BCESegmentationError.png  used on input line 1
130.
(pdftex.def)             Requested size: 341.43437pt x 205.04893pt.
<figures/BCESegmentationDecent.png, id=1457, 742.848pt x 337.917pt>
File: figures/BCESegmentationDecent.png Graphic file (type png)
<use figures/BCESegmentationDecent.png>
Package pdftex.def Info: figures/BCESegmentationDecent.png  used on input line 
1137.
(pdftex.def)             Requested size: 341.43437pt x 155.3148pt.
 [69 <./figures/BCESegmentationError.png> <./figures/BCESegmentationDecent.png>
] [70] [71] [72] [73]
<figures/CHUSJProblematicImages.png, id=1509, 962.724pt x 301.563pt>
File: figures/CHUSJProblematicImages.png Graphic file (type png)
<use figures/CHUSJProblematicImages.png>
Package pdftex.def Info: figures/CHUSJProblematicImages.png  used on input line
 1368.
(pdftex.def)             Requested size: 426.79135pt x 133.68665pt.
 [74 <./figures/CHUSJProblematicImages.png>]
<figures/RETOUCHSegmentationDifferences.png, id=1517, 745.5855pt x 130.086pt>
File: figures/RETOUCHSegmentationDifferences.png Graphic file (type png)
<use figures/RETOUCHSegmentationDifferences.png>
Package pdftex.def Info: figures/RETOUCHSegmentationDifferences.png  used on in
put line 1379.
(pdftex.def)             Requested size: 426.79135pt x 74.46538pt.
<figures/RETOUCHvsCHUSJSegmentationCriteria.png, id=1520, 884.322pt x 408.873pt
>
File: figures/RETOUCHvsCHUSJSegmentationCriteria.png Graphic file (type png)
<use figures/RETOUCHvsCHUSJSegmentationCriteria.png>
Package pdftex.def Info: figures/RETOUCHvsCHUSJSegmentationCriteria.png  used o
n input line 1386.
(pdftex.def)             Requested size: 426.79135pt x 197.3299pt.
 [75 <./figures/RETOUCHSegmentationDifferences.png> <./figures/RETOUCHvsCHUSJSe
gmentationCriteria.png>]
<figures/CHUSJPEDSegmentation.png, id=1528, 456.396pt x 516.183pt>
File: figures/CHUSJPEDSegmentation.png Graphic file (type png)
<use figures/CHUSJPEDSegmentation.png>
Package pdftex.def Info: figures/CHUSJPEDSegmentation.png  used on input line 1
395.
(pdftex.def)             Requested size: 277.41176pt x 313.7606pt.
<figures/CHUSJSRFSegmentation.png, id=1530, 792.561pt x 382.812pt>
File: figures/CHUSJSRFSegmentation.png Graphic file (type png)
<use figures/CHUSJSRFSegmentation.png>
Package pdftex.def Info: figures/CHUSJSRFSegmentation.png  used on input line 1
404.
(pdftex.def)             Requested size: 256.07741pt x 123.68811pt.
<figures/CHUSJIRFSegmentation.png, id=1532, 794.313pt x 375.585pt>
File: figures/CHUSJIRFSegmentation.png Graphic file (type png)
<use figures/CHUSJIRFSegmentation.png>
Package pdftex.def Info: figures/CHUSJIRFSegmentation.png  used on input line 1
413.
(pdftex.def)             Requested size: 256.07741pt x 121.08368pt.
<figures/CHUSJChoroidSegmentation.png, id=1535, 850.815pt x 517.935pt>
File: figures/CHUSJChoroidSegmentation.png Graphic file (type png)
<use figures/CHUSJChoroidSegmentation.png>
Package pdftex.def Info: figures/CHUSJChoroidSegmentation.png  used on input li
ne 1421.
(pdftex.def)             Requested size: 426.79135pt x 259.80457pt.
 [76 <./figures/CHUSJPEDSegmentation.png>] [77 <./figures/CHUSJSRFSegmentation.
png> <./figures/CHUSJIRFSegmentation.png>]
<figures/CHUSJSegmentationOnNoisyScans.png, id=1551, 558.888pt x 519.906pt>
File: figures/CHUSJSegmentationOnNoisyScans.png Graphic file (type png)
<use figures/CHUSJSegmentationOnNoisyScans.png>
Package pdftex.def Info: figures/CHUSJSegmentationOnNoisyScans.png  used on inp
ut line 1433.
(pdftex.def)             Requested size: 320.0935pt x 297.76953pt.
 [78 <./figures/CHUSJChoroidSegmentation.png>] [79 <./figures/CHUSJSegmentation
OnNoisyScans.png>]
<figures/CHUSJSegmentationAfterProcessing.png, id=1569, 839.865pt x 562.173pt>
File: figures/CHUSJSegmentationAfterProcessing.png Graphic file (type png)
<use figures/CHUSJSegmentationAfterProcessing.png>
Package pdftex.def Info: figures/CHUSJSegmentationAfterProcessing.png  used on 
input line 1509.
(pdftex.def)             Requested size: 426.79135pt x 285.68364pt.
<figures/CHUSJSegmentationAfterProcessingNoisyScans.png, id=1574, 635.538pt x 4
64.499pt>
File: figures/CHUSJSegmentationAfterProcessingNoisyScans.png Graphic file (type
 png)
<use figures/CHUSJSegmentationAfterProcessingNoisyScans.png>
Package pdftex.def Info: figures/CHUSJSegmentationAfterProcessingNoisyScans.png
  used on input line 1515.
(pdftex.def)             Requested size: 426.79135pt x 311.92856pt.
 [80] [81 <./figures/CHUSJSegmentationAfterProcessing.png>] [82 <./figures/CHUS
JSegmentationAfterProcessingNoisyScans.png>]
<figures/GeneratedSlicesCirrusVsSpectralis.png, id=1595, 490.998pt x 466.47pt>
File: figures/GeneratedSlicesCirrusVsSpectralis.png Graphic file (type png)
<use figures/GeneratedSlicesCirrusVsSpectralis.png>
Package pdftex.def Info: figures/GeneratedSlicesCirrusVsSpectralis.png  used on
 input line 1574.
(pdftex.def)             Requested size: 320.0935pt x 304.12009pt.
[83 <./figures/GeneratedSlicesCirrusVsSpectralis.png>]
<figures/TransitionBetweenConsecutiveBScansCirrusVsSpectralis.png, id=1603, 729
.051pt x 468.441pt>
File: figures/TransitionBetweenConsecutiveBScansCirrusVsSpectralis.png Graphic 
file (type png)
<use figures/TransitionBetweenConsecutiveBScansCirrusVsSpectralis.png>
Package pdftex.def Info: figures/TransitionBetweenConsecutiveBScansCirrusVsSpec
tralis.png  used on input line 1582.
(pdftex.def)             Requested size: 426.79135pt x 274.23343pt.
 [84 <./figures/TransitionBetweenConsecutiveBScansCirrusVsSpectralis.png>]
<figures/GeneratedSlicesWithFluid.png, id=1613, 721.386pt x 478.296pt>
File: figures/GeneratedSlicesWithFluid.png Graphic file (type png)
<use figures/GeneratedSlicesWithFluid.png>
Package pdftex.def Info: figures/GeneratedSlicesWithFluid.png  used on input li
ne 1596.
(pdftex.def)             Requested size: 426.79135pt x 282.9731pt.
 [85 <./figures/GeneratedSlicesWithFluid.png>]
<figures/GenerativeUNetResults.png, id=1620, 523.41pt x 310.104pt>
File: figures/GenerativeUNetResults.png Graphic file (type png)
<use figures/GenerativeUNetResults.png>
Package pdftex.def Info: figures/GenerativeUNetResults.png  used on input line 
1614.
(pdftex.def)             Requested size: 426.79135pt x 252.85791pt.
 [86 <./figures/GenerativeUNetResults.png>] [87]
<figures/FluidVolumeScatterExperiment5.png, id=1635, 292.146pt x 294.117pt>
File: figures/FluidVolumeScatterExperiment5.png Graphic file (type png)
<use figures/FluidVolumeScatterExperiment5.png>
Package pdftex.def Info: figures/FluidVolumeScatterExperiment5.png  used on inp
ut line 1680.
(pdftex.def)             Requested size: 281.68385pt x 283.60121pt.
 [88] [89]
[90 <./figures/FluidVolumeScatterExperiment5.png>]
<figures/Experiment6GTvsAll.png, id=1661, 603.783pt x 588.672pt>
File: figures/Experiment6GTvsAll.png Graphic file (type png)
<use figures/Experiment6GTvsAll.png>
Package pdftex.def Info: figures/Experiment6GTvsAll.png  used on input line 175
7.
(pdftex.def)             Requested size: 426.79135pt x 416.10966pt.
<figures/Experiment6PredictedVsAll.png, id=1662, 596.994pt x 293.898pt>
File: figures/Experiment6PredictedVsAll.png Graphic file (type png)
<use figures/Experiment6PredictedVsAll.png>
Package pdftex.def Info: figures/Experiment6PredictedVsAll.png  used on input l
ine 1763.
(pdftex.def)             Requested size: 426.79135pt x 210.11304pt.
<figures/Experiment6GeneratedVsEnhanced.png, id=1663, 291.27pt x 294.336pt>
File: figures/Experiment6GeneratedVsEnhanced.png Graphic file (type png)
<use figures/Experiment6GeneratedVsEnhanced.png>
Package pdftex.def Info: figures/Experiment6GeneratedVsEnhanced.png  used on in
put line 1769.
(pdftex.def)             Requested size: 213.39568pt x 215.64046pt.
 [91] [92 <./figures/Experiment6GTvsAll.png>] [93 <./figures/Experiment6Predict
edVsAll.png> <./figures/Experiment6GeneratedVsEnhanced.png>] [94]
<figures/SpectralisTrain039GenerationAndSegmentation.png, id=1691, 965.571pt x 
558.888pt>
File: figures/SpectralisTrain039GenerationAndSegmentation.png Graphic file (typ
e png)
<use figures/SpectralisTrain039GenerationAndSegmentation.png>
Package pdftex.def Info: figures/SpectralisTrain039GenerationAndSegmentation.pn
g  used on input line 1859.
(pdftex.def)             Requested size: 426.79135pt x 247.02863pt.


LaTeX Warning: `!h' float specifier changed to `!ht'.

[95]
<figures/CirrusTrain012GenerationAndSegmentation.png, id=1698, 965.352pt x 558.
888pt>
File: figures/CirrusTrain012GenerationAndSegmentation.png Graphic file (type pn
g)
<use figures/CirrusTrain012GenerationAndSegmentation.png>
Package pdftex.def Info: figures/CirrusTrain012GenerationAndSegmentation.png  u
sed on input line 1873.
(pdftex.def)             Requested size: 426.79135pt x 247.08833pt.
 [96 <./figures/SpectralisTrain039GenerationAndSegmentation.png>]) [97 <./figur
es/CirrusTrain012GenerationAndSegmentation.png>]
\openout2 = `conclusion.aux'.

 (conclusion.tex
Chapter 6.
[98




] [99] [100] [101] [102] [103] [104] [105]) [106]
LaTeX Font Info:    Trying to load font information for T1+pcrs on input line 6
5.

(C:\Users\david\AppData\Local\Programs\MiKTeX\tex/latex/courier-scaled\t1pcrs.f
d
File: t1pcrs.fd 2004/07/09 scalable font definitions for T1/pcrs.
)
LaTeX Font Info:    Font shape `T1/pcrs/m/n' will be
(Font)              scaled to size 10.40245pt on input line 65.

Overfull \hbox (0.69101pt too wide) in paragraph at lines 65--65
\T1/ptm/m/n/10.95 op-ti-cal co-her-ence to-mog-ra-phy (OCT): A com-pre-hen-sive
 sur-vey,^^Q \T1/ptm/m/it/10.95 Neu-ro-com-put-ing\T1/ptm/m/n/10.95 , vol. 507,

 []

[107




]
Overfull \hbox (0.44347pt too wide) in paragraph at lines 65--65
[]\T1/ptm/m/n/10.95 H. Liu et al., ^^P  Se-man-tic un-cer-tainty Guided Cross-T
ransformer for en-hanced mac-u-lar edema
 []

[108] [109]
Overfull \hbox (19.33269pt too wide) in paragraph at lines 65--65
\T1/ptm/m/n/10.95 Sys-tem-atic Re-view of Re-cent De-vel-op-ments and Chal-leng
es,^^Q \T1/ptm/m/it/10.95 arXiv e-prints\T1/ptm/m/n/10.95 , arXiv:2407.00116,
 []

[110] [111]
Overfull \hbox (10.93967pt too wide) in paragraph at lines 65--65
\T1/ptm/m/n/10.95 ^^P  Gen-er-a-tive Ad-ver-sar-ial Net-works: An Overview,^^Q 
\T1/ptm/m/it/10.95 IEEE Sig-nal Pro-cess-ing Mag-a-zine\T1/ptm/m/n/10.95 , vol.
 35,
 []

[112] [113]
\openout2 = `appendix1.aux'.

 (appendix1.tex
Appendix A.
) [114


] (thesis.aux (abstract.aux) (un-sdg.aux) (acknowledgements.aux)
(quote.aux) (abbrevs.aux) (introduction.aux) (literature_review.aux)
(methods.aux) (experiments.aux) (results_discussion.aux) (conclusion.aux)
(appendix1.aux))
Package rerunfilecheck Info: File `thesis.out' has not changed.
(rerunfilecheck)             Checksum: F066B35483A193CDC137A39A42EED550;13982.
Package logreq Info: Writing requests to 'thesis.run.xml'.
\openout1 = `thesis.run.xml'.

 ) 
Here is how much of TeX's memory you used:
 24072 strings out of 476339
 447499 string characters out of 5788120
 1936340 words of memory out of 5000000
 43604 multiletter control sequences out of 15000+600000
 596425 words of font info for 139 fonts, out of 8000000 for 9000
 1141 hyphenation exceptions out of 8191
 78i,18n,82p,1408b,3236s stack positions out of 10000i,1000n,20000p,200000b,200000s
{C:/Users/david/AppData/Local/Programs/MiKTeX/fonts/enc/dvips/base/8r.enc}<C:
/Users/david/AppData/Local/Programs/MiKTeX/fonts/type1/public/amsfonts/cm/cmex1
0.pfb><C:/Users/david/AppData/Local/Programs/MiKTeX/fonts/type1/public/amsfonts
/cm/cmmi10.pfb><C:/Users/david/AppData/Local/Programs/MiKTeX/fonts/type1/public
/amsfonts/cm/cmr10.pfb><C:/Users/david/AppData/Local/Programs/MiKTeX/fonts/type
1/public/amsfonts/cm/cmsy10.pfb><C:/Users/david/AppData/Local/Programs/MiKTeX/f
onts/type1/public/rsfs/rsfs10.pfb><C:/Users/david/AppData/Local/Programs/MiKTeX
/fonts/type1/urw/courier/ucrr8a.pfb><C:/Users/david/AppData/Local/Programs/MiKT
eX/fonts/type1/urw/symbol/usyr.pfb><C:/Users/david/AppData/Local/Programs/MiKTe
X/fonts/type1/urw/symbol/usyr.pfb><C:/Users/david/AppData/Local/Programs/MiKTeX
/fonts/type1/urw/times/utmb8a.pfb><C:/Users/david/AppData/Local/Programs/MiKTeX
/fonts/type1/urw/times/utmbi8a.pfb><C:/Users/david/AppData/Local/Programs/MiKTe
X/fonts/type1/urw/times/utmr8a.pfb><C:/Users/david/AppData/Local/Programs/MiKTe
X/fonts/type1/urw/times/utmr8a.pfb><C:/Users/david/AppData/Local/Programs/MiKTe
X/fonts/type1/urw/times/utmri8a.pfb>
Output written on thesis.pdf (133 pages, 163872438 bytes).
PDF statistics:
 2030 PDF objects out of 2073 (max. 8388607)
 393 named destinations out of 1000 (max. 500000)
 725 words of extra memory for PDF output out of 10000 (max. 10000000)

