\BOOKMARK [0][-]{init.0}{\376\377\000F\000r\000o\000n\000t\000\040\000P\000a\000g\000e}{}% 1
\BOOKMARK [0][-]{contents.0}{\376\377\000T\000a\000b\000l\000e\000\040\000o\000f\000\040\000C\000o\000n\000t\000e\000n\000t\000s}{}% 2
\BOOKMARK [0][-]{figures.0}{\376\377\000L\000i\000s\000t\000\040\000o\000f\000\040\000F\000i\000g\000u\000r\000e\000s}{}% 3
\BOOKMARK [0][-]{tables.0}{\376\377\000L\000i\000s\000t\000\040\000o\000f\000\040\000T\000a\000b\000l\000e\000s}{}% 4
\BOOKMARK [0][-]{chapter.1}{\376\377\0001\000\040\000I\000n\000t\000r\000o\000d\000u\000c\000t\000i\000o\000n}{}% 5
\BOOKMARK [0][-]{chapter.2}{\376\377\0002\000\040\000L\000i\000t\000e\000r\000a\000t\000u\000r\000e\000\040\000R\000e\000v\000i\000e\000w}{}% 6
\BOOKMARK [1][-]{section.2.1}{\376\377\0002\000.\0001\000\040\000F\000l\000u\000i\000d\000\040\000S\000e\000g\000m\000e\000n\000t\000a\000t\000i\000o\000n\000\040\000i\000n\000\040\000O\000C\000T\000\040\000S\000c\000a\000n\000s}{chapter.2}% 7
\BOOKMARK [2][-]{subsection.2.1.1}{\376\377\0002\000.\0001\000.\0001\000\040\000S\000e\000a\000r\000c\000h\000\040\000S\000t\000r\000a\000t\000e\000g\000y}{section.2.1}% 8
\BOOKMARK [2][-]{subsection.2.1.2}{\376\377\0002\000.\0001\000.\0002\000\040\000T\000r\000e\000n\000d\000s\000\040\000i\000n\000\040\000S\000e\000g\000m\000e\000n\000t\000a\000t\000i\000o\000n\000\040\000M\000e\000t\000h\000o\000d\000o\000l\000o\000g\000i\000e\000s}{section.2.1}% 9
\BOOKMARK [1][-]{section.2.2}{\376\377\0002\000.\0002\000\040\000I\000n\000t\000e\000r\000m\000e\000d\000i\000a\000t\000e\000\040\000S\000l\000i\000c\000e\000\040\000S\000y\000n\000t\000h\000e\000s\000i\000s}{chapter.2}% 10
\BOOKMARK [2][-]{subsection.2.2.1}{\376\377\0002\000.\0002\000.\0001\000\040\000A\000r\000c\000h\000i\000t\000e\000c\000t\000u\000r\000e\000s\000\040\000f\000o\000r\000\040\000M\000e\000d\000i\000c\000a\000l\000\040\000I\000m\000a\000g\000e\000\040\000S\000u\000p\000e\000r\000-\000R\000e\000s\000o\000l\000u\000t\000i\000o\000n}{section.2.2}% 11
\BOOKMARK [0][-]{chapter.3}{\376\377\0003\000\040\000M\000a\000t\000e\000r\000i\000a\000l\000s\000\040\000a\000n\000d\000\040\000M\000e\000t\000h\000o\000d\000s}{}% 12
\BOOKMARK [1][-]{section.3.1}{\376\377\0003\000.\0001\000\040\000D\000a\000t\000a\000s\000e\000t\000s}{chapter.3}% 13
\BOOKMARK [2][-]{subsection.3.1.1}{\376\377\0003\000.\0001\000.\0001\000\040\000R\000E\000T\000O\000U\000C\000H\000\040\000D\000a\000t\000a\000s\000e\000t}{section.3.1}% 14
\BOOKMARK [2][-]{subsection.3.1.2}{\376\377\0003\000.\0001\000.\0002\000\040\000C\000e\000n\000t\000r\000o\000\040\000H\000o\000s\000p\000i\000t\000a\000l\000a\000r\000\040\000U\000n\000i\000v\000e\000r\000s\000i\000t\000\341\000r\000i\000o\000\040\000d\000e\000\040\000S\000\343\000o\000\040\000J\000o\000\343\000o\000\040\000O\000C\000T\000\040\000D\000a\000t\000a\000s\000e\000t}{section.3.1}% 15
\BOOKMARK [1][-]{section.3.2}{\376\377\0003\000.\0002\000\040\000M\000e\000t\000h\000o\000d\000o\000l\000o\000g\000y\000\040\000f\000o\000r\000\040\000F\000l\000u\000i\000d\000\040\000S\000e\000g\000m\000e\000n\000t\000a\000t\000i\000o\000n}{chapter.3}% 16
\BOOKMARK [1][-]{section.3.3}{\376\377\0003\000.\0003\000\040\000M\000e\000t\000h\000o\000d\000o\000l\000o\000g\000y\000\040\000f\000o\000r\000\040\000I\000n\000t\000e\000r\000m\000e\000d\000i\000a\000t\000e\000\040\000S\000l\000i\000c\000e\000\040\000S\000y\000n\000t\000h\000e\000s\000i\000s}{chapter.3}% 17
\BOOKMARK [1][-]{section.3.4}{\376\377\0003\000.\0004\000\040\000M\000e\000t\000h\000o\000d\000o\000l\000o\000g\000y\000\040\000f\000o\000r\000\040\000F\000l\000u\000i\000d\000\040\000V\000o\000l\000u\000m\000e\000\040\000E\000s\000t\000i\000m\000a\000t\000i\000o\000n}{chapter.3}% 18
\BOOKMARK [0][-]{chapter.4}{\376\377\0004\000\040\000E\000x\000p\000e\000r\000i\000m\000e\000n\000t\000s}{}% 19
\BOOKMARK [1][-]{section.4.1}{\376\377\0004\000.\0001\000\040\000D\000a\000t\000a\000\040\000P\000a\000r\000t\000i\000t\000i\000o\000n}{chapter.4}% 20
\BOOKMARK [1][-]{section.4.2}{\376\377\0004\000.\0002\000\040\000E\000x\000p\000e\000r\000i\000m\000e\000n\000t\000\040\0001\000\040\000-\000\040\000F\000l\000u\000i\000d\000\040\000S\000e\000g\000m\000e\000n\000t\000a\000t\000i\000o\000n\000\040\000U\000s\000i\000n\000g\000\040\000M\000u\000l\000t\000i\000-\000c\000l\000a\000s\000s\000\040\000U\000-\000N\000e\000t}{chapter.4}% 21
\BOOKMARK [2][-]{subsection.4.2.1}{\376\377\0004\000.\0002\000.\0001\000\040\000E\000x\000p\000e\000r\000i\000m\000e\000n\000t\000\040\0001\000.\0001\000\040\000-\000\040\000R\000a\000n\000d\000o\000m\000\040\000P\000a\000t\000c\000h\000\040\000E\000x\000t\000r\000a\000c\000t\000i\000o\000n}{section.4.2}% 22
\BOOKMARK [2][-]{subsection.4.2.2}{\376\377\0004\000.\0002\000.\0002\000\040\000E\000x\000p\000e\000r\000i\000m\000e\000n\000t\000\040\0001\000.\0002\000\040\000-\000\040\000L\000a\000r\000g\000e\000\040\000P\000a\000t\000c\000h\000\040\000E\000x\000t\000r\000a\000c\000t\000i\000o\000n}{section.4.2}% 23
\BOOKMARK [2][-]{subsection.4.2.3}{\376\377\0004\000.\0002\000.\0003\000\040\000E\000x\000p\000e\000r\000i\000m\000e\000n\000t\000\040\0001\000.\0003\000\040\000-\000\040\000V\000e\000r\000t\000i\000c\000a\000l\000\040\000P\000a\000t\000c\000h\000\040\000E\000x\000t\000r\000a\000c\000t\000i\000o\000n}{section.4.2}% 24
\BOOKMARK [1][-]{section.4.3}{\376\377\0004\000.\0003\000\040\000E\000x\000p\000e\000r\000i\000m\000e\000n\000t\000\040\0002\000\040\000-\000\040\000F\000l\000u\000i\000d\000\040\000S\000e\000g\000m\000e\000n\000t\000a\000t\000i\000o\000n\000\040\000U\000s\000i\000n\000g\000\040\000B\000i\000n\000a\000r\000y\000\040\000U\000-\000N\000e\000t\000s}{chapter.4}% 25
\BOOKMARK [2][-]{subsection.4.3.1}{\376\377\0004\000.\0003\000.\0001\000\040\000E\000x\000p\000e\000r\000i\000m\000e\000n\000t\000\040\0002\000.\0001\000\040\000-\000\040\000M\000u\000l\000t\000i\000-\000c\000l\000a\000s\000s\000\040\000S\000e\000g\000m\000e\000n\000t\000a\000t\000i\000o\000n\000\040\000L\000o\000s\000s}{section.4.3}% 26
\BOOKMARK [2][-]{subsection.4.3.2}{\376\377\0004\000.\0003\000.\0002\000\040\000E\000x\000p\000e\000r\000i\000m\000e\000n\000t\000\040\0002\000.\0002\000\040\000-\000\040\000B\000a\000l\000a\000n\000c\000e\000d\000\040\000C\000r\000o\000s\000s\000-\000e\000n\000t\000r\000o\000p\000y\000\040\000L\000o\000s\000s}{section.4.3}% 27
\BOOKMARK [1][-]{section.4.4}{\376\377\0004\000.\0004\000\040\000E\000x\000p\000e\000r\000i\000m\000e\000n\000t\000\040\0003\000\040\000-\000\040\000I\000n\000t\000e\000r\000m\000e\000d\000i\000a\000t\000e\000\040\000S\000l\000i\000c\000e\000s\000\040\000S\000y\000n\000t\000h\000e\000s\000i\000s\000\040\000U\000s\000i\000n\000g\000\040\000a\000\040\000G\000A\000N}{chapter.4}% 28
\BOOKMARK [1][-]{section.4.5}{\376\377\0004\000.\0005\000\040\000E\000x\000p\000e\000r\000i\000m\000e\000n\000t\000\040\0004\000\040\000-\000\040\000I\000n\000t\000e\000r\000m\000e\000d\000i\000a\000t\000e\000\040\000S\000l\000i\000c\000e\000s\000\040\000S\000y\000n\000t\000h\000e\000s\000i\000s\000\040\000U\000s\000i\000n\000g\000\040\000a\000\040\000U\000-\000N\000e\000t}{chapter.4}% 29
\BOOKMARK [1][-]{section.4.6}{\376\377\0004\000.\0006\000\040\000E\000x\000p\000e\000r\000i\000m\000e\000n\000t\000\040\0005\000\040\000-\000\040\000F\000l\000u\000i\000d\000\040\000V\000o\000l\000u\000m\000e\000\040\000E\000s\000t\000i\000m\000a\000t\000i\000o\000n\000\040\000U\000s\000i\000n\000g\000\040\000P\000r\000e\000d\000i\000c\000t\000e\000d\000\040\000M\000a\000s\000k\000s\000\040\000i\000n\000\040\000R\000e\000a\000l\000\040\000O\000C\000T\000\040\000V\000o\000l\000u\000m\000e\000s}{chapter.4}% 30
\BOOKMARK [1][-]{section.4.7}{\376\377\0004\000.\0007\000\040\000E\000x\000p\000e\000r\000i\000m\000e\000n\000t\000\040\0006\000\040\000-\000\040\000F\000l\000u\000i\000d\000\040\000V\000o\000l\000u\000m\000e\000\040\000E\000s\000t\000i\000m\000a\000t\000i\000o\000n\000\040\000U\000s\000i\000n\000g\000\040\000P\000r\000e\000d\000i\000c\000t\000e\000d\000\040\000M\000a\000s\000k\000s\000\040\000i\000n\000\040\000G\000e\000n\000e\000r\000a\000t\000e\000d\000\040\000a\000n\000d\000\040\000S\000u\000p\000e\000r\000-\000r\000e\000s\000o\000l\000v\000e\000d\000\040\000O\000C\000T\000\040\000V\000o\000l\000u\000m\000e\000s}{chapter.4}% 31
\BOOKMARK [0][-]{chapter.5}{\376\377\0005\000\040\000R\000e\000s\000u\000l\000t\000s\000\040\000a\000n\000d\000\040\000D\000i\000s\000c\000u\000s\000s\000i\000o\000n}{}% 32
\BOOKMARK [1][-]{section.5.1}{\376\377\0005\000.\0001\000\040\000F\000l\000u\000i\000d\000\040\000S\000e\000g\000m\000e\000n\000t\000a\000t\000i\000o\000n}{chapter.5}% 33
\BOOKMARK [2][-]{subsection.5.1.1}{\376\377\0005\000.\0001\000.\0001\000\040\000E\000x\000p\000e\000r\000i\000m\000e\000n\000t\000\040\0001\000\040\000-\000\040\000F\000l\000u\000i\000d\000\040\000S\000e\000g\000m\000e\000n\000t\000a\000t\000i\000o\000n\000\040\000U\000s\000i\000n\000g\000\040\000M\000u\000l\000t\000i\000-\000c\000l\000a\000s\000s\000\040\000U\000-\000N\000e\000t}{section.5.1}% 34
\BOOKMARK [2][-]{subsection.5.1.2}{\376\377\0005\000.\0001\000.\0002\000\040\000E\000x\000p\000e\000r\000i\000m\000e\000n\000t\000\040\0002\000\040\000-\000\040\000F\000l\000u\000i\000d\000\040\000S\000e\000g\000m\000e\000n\000t\000a\000t\000i\000o\000n\000\040\000U\000s\000i\000n\000g\000\040\000B\000i\000n\000a\000r\000y\000\040\000U\000-\000N\000e\000t\000s}{section.5.1}% 35
\BOOKMARK [2][-]{subsection.5.1.3}{\376\377\0005\000.\0001\000.\0003\000\040\000E\000x\000p\000e\000r\000i\000m\000e\000n\000t\000\040\0001\000\040\000a\000n\000d\000\040\000E\000x\000p\000e\000r\000i\000m\000e\000n\000t\000\040\0002\000\040\000C\000o\000m\000p\000a\000r\000i\000s\000o\000n\000\040\000i\000n\000\040\000R\000E\000T\000O\000U\000C\000H\000\040\000D\000a\000t\000a\000s\000e\000t}{section.5.1}% 36
\BOOKMARK [2][-]{subsection.5.1.4}{\376\377\0005\000.\0001\000.\0004\000\040\000E\000x\000p\000e\000r\000i\000m\000e\000n\000t\000\040\0001\000\040\000a\000n\000d\000\040\000E\000x\000p\000e\000r\000i\000m\000e\000n\000t\000\040\0002\000\040\000C\000o\000m\000p\000a\000r\000i\000s\000o\000n\000\040\000i\000n\000\040\000C\000H\000U\000S\000J\000\040\000D\000a\000t\000a\000s\000e\000t}{section.5.1}% 37
\BOOKMARK [1][-]{section.5.2}{\376\377\0005\000.\0002\000\040\000I\000n\000t\000e\000r\000m\000e\000d\000i\000a\000t\000e\000\040\000S\000l\000i\000c\000e\000\040\000S\000y\000n\000t\000h\000e\000s\000i\000s}{chapter.5}% 38
\BOOKMARK [2][-]{subsection.5.2.1}{\376\377\0005\000.\0002\000.\0001\000\040\000E\000x\000p\000e\000r\000i\000m\000e\000n\000t\000\040\0003\000\040\000-\000\040\000I\000n\000t\000e\000r\000m\000e\000d\000i\000a\000t\000e\000\040\000S\000l\000i\000c\000e\000s\000\040\000S\000y\000n\000t\000h\000e\000s\000i\000s\000\040\000U\000s\000i\000n\000g\000\040\000a\000\040\000G\000A\000N}{section.5.2}% 39
\BOOKMARK [2][-]{subsection.5.2.2}{\376\377\0005\000.\0002\000.\0002\000\040\000E\000x\000p\000e\000r\000i\000m\000e\000n\000t\000\040\0004\000\040\000-\000\040\000I\000n\000t\000e\000r\000m\000e\000d\000i\000a\000t\000e\000\040\000S\000l\000i\000c\000e\000s\000\040\000S\000y\000n\000t\000h\000e\000s\000i\000s\000\040\000U\000s\000i\000n\000g\000\040\000a\000\040\000U\000-\000N\000e\000t}{section.5.2}% 40
\BOOKMARK [1][-]{section.5.3}{\376\377\0005\000.\0003\000\040\000F\000l\000u\000i\000d\000\040\000V\000o\000l\000u\000m\000e\000\040\000E\000s\000t\000i\000m\000a\000t\000i\000o\000n}{chapter.5}% 41
\BOOKMARK [2][-]{subsection.5.3.1}{\376\377\0005\000.\0003\000.\0001\000\040\000E\000x\000p\000e\000r\000i\000m\000e\000n\000t\000\040\0005\000\040\000-\000\040\000F\000l\000u\000i\000d\000\040\000V\000o\000l\000u\000m\000e\000\040\000E\000s\000t\000i\000m\000a\000t\000i\000o\000n\000\040\000U\000s\000i\000n\000g\000\040\000P\000r\000e\000d\000i\000c\000t\000e\000d\000\040\000M\000a\000s\000k\000s\000\040\000i\000n\000\040\000R\000e\000a\000l\000\040\000O\000C\000T\000\040\000V\000o\000l\000u\000m\000e\000s}{section.5.3}% 42
\BOOKMARK [2][-]{subsection.5.3.2}{\376\377\0005\000.\0003\000.\0002\000\040\000E\000x\000p\000e\000r\000i\000m\000e\000n\000t\000\040\0006\000\040\000-\000\040\000F\000l\000u\000i\000d\000\040\000V\000o\000l\000u\000m\000e\000\040\000E\000s\000t\000i\000m\000a\000t\000i\000o\000n\000\040\000U\000s\000i\000n\000g\000\040\000P\000r\000e\000d\000i\000c\000t\000e\000d\000\040\000M\000a\000s\000k\000s\000\040\000i\000n\000\040\000G\000e\000n\000e\000r\000a\000t\000e\000d\000\040\000a\000n\000d\000\040\000S\000u\000p\000e\000r\000-\000r\000e\000s\000o\000l\000v\000e\000d\000\040\000O\000C\000T\000\040\000V\000o\000l\000u\000m\000e\000s}{section.5.3}% 43
\BOOKMARK [0][-]{chapter.6}{\376\377\0006\000\040\000C\000o\000n\000c\000l\000u\000s\000i\000o\000n}{}% 44
\BOOKMARK [1][-]{section.6.1}{\376\377\0006\000.\0001\000\040\000L\000i\000m\000i\000t\000a\000t\000i\000o\000n\000s}{chapter.6}% 45
\BOOKMARK [1][-]{section.6.2}{\376\377\0006\000.\0002\000\040\000F\000u\000t\000u\000r\000e\000\040\000R\000e\000s\000e\000a\000r\000c\000h}{chapter.6}% 46
\BOOKMARK [0][-]{section*.104}{\376\377\000R\000e\000f\000e\000r\000e\000n\000c\000e\000s}{}% 47
\BOOKMARK [0][-]{appendix.A}{\376\377\000A\000\040\000I\000m\000p\000a\000c\000t\000\040\000o\000f\000\040\000R\000a\000n\000d\000o\000m\000\040\000I\000n\000i\000t\000i\000a\000l\000i\000z\000a\000t\000i\000o\000n\000\040\000o\000f\000\040\000t\000h\000e\000\040\000U\000-\000N\000e\000t\000\040\000i\000n\000\040\000S\000e\000g\000m\000e\000n\000t\000a\000t\000i\000o\000n\000\040\000P\000e\000r\000f\000o\000r\000m\000a\000n\000c\000e}{}% 48
